---------------------------------------------------------------
[ 2018-04-03T22:57:51+08:00 ] 0.0.0.0 GET /traveler/public/
[ info ] localhost/traveler/public/ [运行时间：0.149489s][吞吐率：6.69req/s] [内存消耗：1,310.20kb] [文件加载：55]
[ info ] [ LANG ] /Applications/XAMPP/xamppfiles/htdocs/traveler/thinkphp/lang/zh-cn.php
[ info ] [ ROUTE ] array (
)
[ info ] [ HEADER ] array (
  'host' => 'localhost',
  'connection' => 'keep-alive',
  'cache-control' => 'max-age=0',
  'upgrade-insecure-requests' => '1',
  'user-agent' => 'Mozilla/5.0 (Macintosh; Intel Mac OS X 10_13_3) AppleWebKit/537.36 (KHTML, like Gecko) Chrome/65.0.3325.181 Safari/537.36',
  'accept' => 'text/html,application/xhtml+xml,application/xml;q=0.9,image/webp,image/apng,*/*;q=0.8',
  'referer' => 'http://localhost/traveler/',
  'accept-encoding' => 'gzip, deflate, br',
  'accept-language' => 'zh-CN,zh;q=0.9,en;q=0.8',
  'cookie' => '_ga=GA1.1.1484621407.1519658800; pgv_pvi=2373869568; Hm_lvt_b393d153aeb26b46e9431fabaf0f6190=1520325292; Phpstorm-70f7c4a0=68eb8070-19fb-4557-80cd-742304bfc67d',
)
[ info ] [ PARAM ] array (
)
[ info ] [ VIEW ] /Applications/XAMPP/xamppfiles/htdocs/traveler/application/index/view/index/index.html [ array (
) ]
[ info ] [ LOG ] INIT File
---------------------------------------------------------------
[ 2018-04-03T22:57:52+08:00 ] 0.0.0.0 GET /traveler/public/
[ info ] localhost/traveler/public/ [运行时间：0.024437s][吞吐率：40.92req/s] [内存消耗：1,154.61kb] [文件加载：53]
[ info ] [ LANG ] /Applications/XAMPP/xamppfiles/htdocs/traveler/thinkphp/lang/zh-cn.php
[ info ] [ ROUTE ] array (
)
[ info ] [ HEADER ] array (
  'host' => 'localhost',
  'connection' => 'keep-alive',
  'cache-control' => 'max-age=0',
  'upgrade-insecure-requests' => '1',
  'user-agent' => 'Mozilla/5.0 (Macintosh; Intel Mac OS X 10_13_3) AppleWebKit/537.36 (KHTML, like Gecko) Chrome/65.0.3325.181 Safari/537.36',
  'accept' => 'text/html,application/xhtml+xml,application/xml;q=0.9,image/webp,image/apng,*/*;q=0.8',
  'referer' => 'http://localhost/traveler/',
  'accept-encoding' => 'gzip, deflate, br',
  'accept-language' => 'zh-CN,zh;q=0.9,en;q=0.8',
  'cookie' => '_ga=GA1.1.1484621407.1519658800; pgv_pvi=2373869568; Hm_lvt_b393d153aeb26b46e9431fabaf0f6190=1520325292; Phpstorm-70f7c4a0=68eb8070-19fb-4557-80cd-742304bfc67d',
)
[ info ] [ PARAM ] array (
)
[ info ] [ VIEW ] /Applications/XAMPP/xamppfiles/htdocs/traveler/application/index/view/index/index.html [ array (
) ]
[ info ] [ LOG ] INIT File
---------------------------------------------------------------
[ 2018-04-03T22:58:20+08:00 ] 0.0.0.0 GET /
[ info ] localhost:7070/ [运行时间：0.158665s][吞吐率：6.30req/s] [内存消耗：1,172.88kb] [文件加载：54]
[ info ] [ LANG ] /Applications/XAMPP/xamppfiles/htdocs/traveler/thinkphp/lang/zh-cn.php
[ info ] [ ROUTE ] array (
)
[ info ] [ HEADER ] array (
  'host' => 'localhost:7070',
  'connection' => 'keep-alive',
  'cache-control' => 'max-age=0',
  'upgrade-insecure-requests' => '1',
  'user-agent' => 'Mozilla/5.0 (Macintosh; Intel Mac OS X 10_13_3) AppleWebKit/537.36 (KHTML, like Gecko) Chrome/65.0.3325.181 Safari/537.36',
  'accept' => 'text/html,application/xhtml+xml,application/xml;q=0.9,image/webp,image/apng,*/*;q=0.8',
  'accept-encoding' => 'gzip, deflate, br',
  'accept-language' => 'zh-CN,zh;q=0.9,en;q=0.8',
  'cookie' => '_ga=GA1.1.1484621407.1519658800; pgv_pvi=2373869568; Hm_lvt_b393d153aeb26b46e9431fabaf0f6190=1520325292; Phpstorm-70f7c4a0=68eb8070-19fb-4557-80cd-742304bfc67d',
)
[ info ] [ PARAM ] array (
)
[ info ] [ VIEW ] /Applications/XAMPP/xamppfiles/htdocs/traveler/application/index/view/index/index.html [ array (
) ]
[ info ] [ LOG ] INIT File
---------------------------------------------------------------
[ 2018-04-03T22:58:31+08:00 ] 0.0.0.0 GET /
[ info ] localhost:7070/ [运行时间：0.114003s][吞吐率：8.77req/s] [内存消耗：1,201.53kb] [文件加载：56]
[ info ] [ LANG ] /Applications/XAMPP/xamppfiles/htdocs/traveler/thinkphp/lang/zh-cn.php
[ info ] [ ROUTE ] array (
)
[ info ] [ HEADER ] array (
  'host' => 'localhost:7070',
  'connection' => 'keep-alive',
  'cache-control' => 'max-age=0',
  'upgrade-insecure-requests' => '1',
  'user-agent' => 'Mozilla/5.0 (Macintosh; Intel Mac OS X 10_13_3) AppleWebKit/537.36 (KHTML, like Gecko) Chrome/65.0.3325.181 Safari/537.36',
  'accept' => 'text/html,application/xhtml+xml,application/xml;q=0.9,image/webp,image/apng,*/*;q=0.8',
  'accept-encoding' => 'gzip, deflate, br',
  'accept-language' => 'zh-CN,zh;q=0.9,en;q=0.8',
  'cookie' => '_ga=GA1.1.1484621407.1519658800; pgv_pvi=2373869568; Hm_lvt_b393d153aeb26b46e9431fabaf0f6190=1520325292; Phpstorm-70f7c4a0=68eb8070-19fb-4557-80cd-742304bfc67d',
)
[ info ] [ PARAM ] array (
)
[ info ] [ VIEW ] /Applications/XAMPP/xamppfiles/htdocs/traveler/application/index/view/index/index.html [ array (
) ]
[ info ] [ LOG ] INIT File
---------------------------------------------------------------
[ 2018-04-03T22:58:35+08:00 ] 0.0.0.0 GET /
[ info ] localhost:7070/ [运行时间：0.015269s][吞吐率：65.49req/s] [内存消耗：1,172.88kb] [文件加载：54]
[ info ] [ LANG ] /Applications/XAMPP/xamppfiles/htdocs/traveler/thinkphp/lang/zh-cn.php
[ info ] [ ROUTE ] array (
)
[ info ] [ HEADER ] array (
  'host' => 'localhost:7070',
  'connection' => 'keep-alive',
  'cache-control' => 'max-age=0',
  'upgrade-insecure-requests' => '1',
  'user-agent' => 'Mozilla/5.0 (Macintosh; Intel Mac OS X 10_13_3) AppleWebKit/537.36 (KHTML, like Gecko) Chrome/65.0.3325.181 Safari/537.36',
  'accept' => 'text/html,application/xhtml+xml,application/xml;q=0.9,image/webp,image/apng,*/*;q=0.8',
  'accept-encoding' => 'gzip, deflate, br',
  'accept-language' => 'zh-CN,zh;q=0.9,en;q=0.8',
  'cookie' => '_ga=GA1.1.1484621407.1519658800; pgv_pvi=2373869568; Hm_lvt_b393d153aeb26b46e9431fabaf0f6190=1520325292; Phpstorm-70f7c4a0=68eb8070-19fb-4557-80cd-742304bfc67d',
)
[ info ] [ PARAM ] array (
)
[ info ] [ VIEW ] /Applications/XAMPP/xamppfiles/htdocs/traveler/application/index/view/index/index.html [ array (
) ]
[ info ] [ LOG ] INIT File
---------------------------------------------------------------
[ 2018-04-03T22:58:36+08:00 ] 0.0.0.0 GET /
[ info ] localhost:7070/ [运行时间：0.014043s][吞吐率：71.21req/s] [内存消耗：1,172.88kb] [文件加载：54]
[ info ] [ LANG ] /Applications/XAMPP/xamppfiles/htdocs/traveler/thinkphp/lang/zh-cn.php
[ info ] [ ROUTE ] array (
)
[ info ] [ HEADER ] array (
  'host' => 'localhost:7070',
  'connection' => 'keep-alive',
  'cache-control' => 'max-age=0',
  'upgrade-insecure-requests' => '1',
  'user-agent' => 'Mozilla/5.0 (Macintosh; Intel Mac OS X 10_13_3) AppleWebKit/537.36 (KHTML, like Gecko) Chrome/65.0.3325.181 Safari/537.36',
  'accept' => 'text/html,application/xhtml+xml,application/xml;q=0.9,image/webp,image/apng,*/*;q=0.8',
  'accept-encoding' => 'gzip, deflate, br',
  'accept-language' => 'zh-CN,zh;q=0.9,en;q=0.8',
  'cookie' => '_ga=GA1.1.1484621407.1519658800; pgv_pvi=2373869568; Hm_lvt_b393d153aeb26b46e9431fabaf0f6190=1520325292; Phpstorm-70f7c4a0=68eb8070-19fb-4557-80cd-742304bfc67d',
)
[ info ] [ PARAM ] array (
)
[ info ] [ VIEW ] /Applications/XAMPP/xamppfiles/htdocs/traveler/application/index/view/index/index.html [ array (
) ]
[ info ] [ LOG ] INIT File
---------------------------------------------------------------
[ 2018-04-03T22:58:40+08:00 ] 0.0.0.0 GET /
[ info ] localhost:7070/ [运行时间：0.014361s][吞吐率：69.63req/s] [内存消耗：1,172.91kb] [文件加载：54]
[ info ] [ LANG ] /Applications/XAMPP/xamppfiles/htdocs/traveler/thinkphp/lang/zh-cn.php
[ info ] [ ROUTE ] array (
)
[ info ] [ HEADER ] array (
  'host' => 'localhost:7070',
  'connection' => 'keep-alive',
  'cache-control' => 'max-age=0',
  'upgrade-insecure-requests' => '1',
  'user-agent' => 'Mozilla/5.0 (iPhone; CPU iPhone OS 10_3_1 like Mac OS X) AppleWebKit/603.1.30 (KHTML, like Gecko) Version/10.0 Mobile/14E304 Safari/602.1',
  'accept' => 'text/html,application/xhtml+xml,application/xml;q=0.9,image/webp,image/apng,*/*;q=0.8',
  'accept-encoding' => 'gzip, deflate, br',
  'accept-language' => 'zh-CN,zh;q=0.9,en;q=0.8',
  'cookie' => '_ga=GA1.1.1484621407.1519658800; pgv_pvi=2373869568; Hm_lvt_b393d153aeb26b46e9431fabaf0f6190=1520325292; Phpstorm-70f7c4a0=68eb8070-19fb-4557-80cd-742304bfc67d',
)
[ info ] [ PARAM ] array (
)
[ info ] [ VIEW ] /Applications/XAMPP/xamppfiles/htdocs/traveler/application/index/view/index/index.html [ array (
) ]
[ info ] [ LOG ] INIT File
---------------------------------------------------------------
[ 2018-04-03T22:58:41+08:00 ] 0.0.0.0 GET /
[ info ] localhost:7070/ [运行时间：0.012272s][吞吐率：81.49req/s] [内存消耗：1,172.91kb] [文件加载：54]
[ info ] [ LANG ] /Applications/XAMPP/xamppfiles/htdocs/traveler/thinkphp/lang/zh-cn.php
[ info ] [ ROUTE ] array (
)
[ info ] [ HEADER ] array (
  'host' => 'localhost:7070',
  'connection' => 'keep-alive',
  'cache-control' => 'max-age=0',
  'upgrade-insecure-requests' => '1',
  'user-agent' => 'Mozilla/5.0 (iPhone; CPU iPhone OS 10_3_1 like Mac OS X) AppleWebKit/603.1.30 (KHTML, like Gecko) Version/10.0 Mobile/14E304 Safari/602.1',
  'accept' => 'text/html,application/xhtml+xml,application/xml;q=0.9,image/webp,image/apng,*/*;q=0.8',
  'accept-encoding' => 'gzip, deflate, br',
  'accept-language' => 'zh-CN,zh;q=0.9,en;q=0.8',
  'cookie' => '_ga=GA1.1.1484621407.1519658800; pgv_pvi=2373869568; Hm_lvt_b393d153aeb26b46e9431fabaf0f6190=1520325292; Phpstorm-70f7c4a0=68eb8070-19fb-4557-80cd-742304bfc67d',
)
[ info ] [ PARAM ] array (
)
[ info ] [ VIEW ] /Applications/XAMPP/xamppfiles/htdocs/traveler/application/index/view/index/index.html [ array (
) ]
[ info ] [ LOG ] INIT File
---------------------------------------------------------------
[ 2018-04-03T22:59:54+08:00 ] 0.0.0.0 GET /
[ info ] localhost:7070/ [运行时间：0.155872s][吞吐率：6.42req/s] [内存消耗：1,327.49kb] [文件加载：56]
[ info ] [ LANG ] /Applications/XAMPP/xamppfiles/htdocs/traveler/thinkphp/lang/zh-cn.php
[ info ] [ ROUTE ] array (
)
[ info ] [ HEADER ] array (
  'host' => 'localhost:7070',
  'connection' => 'keep-alive',
  'cache-control' => 'max-age=0',
  'upgrade-insecure-requests' => '1',
  'user-agent' => 'Mozilla/5.0 (iPhone; CPU iPhone OS 10_3_1 like Mac OS X) AppleWebKit/603.1.30 (KHTML, like Gecko) Version/10.0 Mobile/14E304 Safari/602.1',
  'accept' => 'text/html,application/xhtml+xml,application/xml;q=0.9,image/webp,image/apng,*/*;q=0.8',
  'accept-encoding' => 'gzip, deflate, br',
  'accept-language' => 'zh-CN,zh;q=0.9,en;q=0.8',
  'cookie' => '_ga=GA1.1.1484621407.1519658800; pgv_pvi=2373869568; Hm_lvt_b393d153aeb26b46e9431fabaf0f6190=1520325292; Phpstorm-70f7c4a0=68eb8070-19fb-4557-80cd-742304bfc67d',
)
[ info ] [ PARAM ] array (
)
[ info ] [ VIEW ] /Applications/XAMPP/xamppfiles/htdocs/traveler/application/index/view/index/index.html [ array (
) ]
[ info ] [ LOG ] INIT File
---------------------------------------------------------------
[ 2018-04-03T23:02:08+08:00 ] 0.0.0.0 GET /
[ info ] localhost:7070/ [运行时间：0.182954s][吞吐率：5.47req/s] [内存消耗：1,293.15kb] [文件加载：56]
[ info ] [ LANG ] /Applications/XAMPP/xamppfiles/htdocs/traveler/thinkphp/lang/zh-cn.php
[ info ] [ ROUTE ] array (
)
[ info ] [ HEADER ] array (
  'host' => 'localhost:7070',
  'connection' => 'keep-alive',
  'cache-control' => 'max-age=0',
  'upgrade-insecure-requests' => '1',
  'user-agent' => 'Mozilla/5.0 (iPhone; CPU iPhone OS 10_3_1 like Mac OS X) AppleWebKit/603.1.30 (KHTML, like Gecko) Version/10.0 Mobile/14E304 Safari/602.1',
  'accept' => 'text/html,application/xhtml+xml,application/xml;q=0.9,image/webp,image/apng,*/*;q=0.8',
  'accept-encoding' => 'gzip, deflate, br',
  'accept-language' => 'zh-CN,zh;q=0.9,en;q=0.8',
  'cookie' => '_ga=GA1.1.1484621407.1519658800; pgv_pvi=2373869568; Hm_lvt_b393d153aeb26b46e9431fabaf0f6190=1520325292; Phpstorm-70f7c4a0=68eb8070-19fb-4557-80cd-742304bfc67d',
)
[ info ] [ PARAM ] array (
)
[ info ] [ VIEW ] /Applications/XAMPP/xamppfiles/htdocs/traveler/application/index/view/index/index.html [ array (
) ]
[ info ] [ LOG ] INIT File
---------------------------------------------------------------
[ 2018-04-03T23:02:09+08:00 ] 0.0.0.0 GET /
[ info ] localhost:7070/ [运行时间：0.017242s][吞吐率：58.00req/s] [内存消耗：1,161.66kb] [文件加载：54]
[ info ] [ LANG ] /Applications/XAMPP/xamppfiles/htdocs/traveler/thinkphp/lang/zh-cn.php
[ info ] [ ROUTE ] array (
)
[ info ] [ HEADER ] array (
  'host' => 'localhost:7070',
  'connection' => 'keep-alive',
  'cache-control' => 'max-age=0',
  'upgrade-insecure-requests' => '1',
  'user-agent' => 'Mozilla/5.0 (iPhone; CPU iPhone OS 10_3_1 like Mac OS X) AppleWebKit/603.1.30 (KHTML, like Gecko) Version/10.0 Mobile/14E304 Safari/602.1',
  'accept' => 'text/html,application/xhtml+xml,application/xml;q=0.9,image/webp,image/apng,*/*;q=0.8',
  'accept-encoding' => 'gzip, deflate, br',
  'accept-language' => 'zh-CN,zh;q=0.9,en;q=0.8',
  'cookie' => '_ga=GA1.1.1484621407.1519658800; pgv_pvi=2373869568; Hm_lvt_b393d153aeb26b46e9431fabaf0f6190=1520325292; Phpstorm-70f7c4a0=68eb8070-19fb-4557-80cd-742304bfc67d',
)
[ info ] [ PARAM ] array (
)
[ info ] [ VIEW ] /Applications/XAMPP/xamppfiles/htdocs/traveler/application/index/view/index/index.html [ array (
) ]
[ info ] [ LOG ] INIT File
---------------------------------------------------------------
[ 2018-04-03T23:03:35+08:00 ] 0.0.0.0 GET /
[ info ] localhost:7070/ [运行时间：0.014546s][吞吐率：68.75req/s] [内存消耗：1,294.62kb] [文件加载：56]
[ info ] [ LANG ] /Applications/XAMPP/xamppfiles/htdocs/traveler/thinkphp/lang/zh-cn.php
[ info ] [ ROUTE ] array (
)
[ info ] [ HEADER ] array (
  'host' => 'localhost:7070',
  'connection' => 'keep-alive',
  'cache-control' => 'max-age=0',
  'upgrade-insecure-requests' => '1',
  'user-agent' => 'Mozilla/5.0 (iPhone; CPU iPhone OS 10_3_1 like Mac OS X) AppleWebKit/603.1.30 (KHTML, like Gecko) Version/10.0 Mobile/14E304 Safari/602.1',
  'accept' => 'text/html,application/xhtml+xml,application/xml;q=0.9,image/webp,image/apng,*/*;q=0.8',
  'accept-encoding' => 'gzip, deflate, br',
  'accept-language' => 'zh-CN,zh;q=0.9,en;q=0.8',
  'cookie' => '_ga=GA1.1.1484621407.1519658800; pgv_pvi=2373869568; Hm_lvt_b393d153aeb26b46e9431fabaf0f6190=1520325292; Phpstorm-70f7c4a0=68eb8070-19fb-4557-80cd-742304bfc67d',
)
[ info ] [ PARAM ] array (
)
[ info ] [ VIEW ] /Applications/XAMPP/xamppfiles/htdocs/traveler/application/index/view/index/index.html [ array (
) ]
[ info ] [ LOG ] INIT File
---------------------------------------------------------------
[ 2018-04-03T23:03:37+08:00 ] 0.0.0.0 GET /
[ info ] localhost:7070/ [运行时间：0.024087s][吞吐率：41.52req/s] [内存消耗：1,162.16kb] [文件加载：54]
[ info ] [ LANG ] /Applications/XAMPP/xamppfiles/htdocs/traveler/thinkphp/lang/zh-cn.php
[ info ] [ ROUTE ] array (
)
[ info ] [ HEADER ] array (
  'host' => 'localhost:7070',
  'connection' => 'keep-alive',
  'cache-control' => 'max-age=0',
  'upgrade-insecure-requests' => '1',
  'user-agent' => 'Mozilla/5.0 (iPhone; CPU iPhone OS 10_3_1 like Mac OS X) AppleWebKit/603.1.30 (KHTML, like Gecko) Version/10.0 Mobile/14E304 Safari/602.1',
  'accept' => 'text/html,application/xhtml+xml,application/xml;q=0.9,image/webp,image/apng,*/*;q=0.8',
  'accept-encoding' => 'gzip, deflate, br',
  'accept-language' => 'zh-CN,zh;q=0.9,en;q=0.8',
  'cookie' => '_ga=GA1.1.1484621407.1519658800; pgv_pvi=2373869568; Hm_lvt_b393d153aeb26b46e9431fabaf0f6190=1520325292; Phpstorm-70f7c4a0=68eb8070-19fb-4557-80cd-742304bfc67d',
)
[ info ] [ PARAM ] array (
)
[ info ] [ VIEW ] /Applications/XAMPP/xamppfiles/htdocs/traveler/application/index/view/index/index.html [ array (
) ]
[ info ] [ LOG ] INIT File
---------------------------------------------------------------
[ 2018-04-03T23:03:42+08:00 ] 0.0.0.0 GET /
[ info ] localhost:7070/ [运行时间：0.016546s][吞吐率：60.44req/s] [内存消耗：1,294.62kb] [文件加载：56]
[ info ] [ LANG ] /Applications/XAMPP/xamppfiles/htdocs/traveler/thinkphp/lang/zh-cn.php
[ info ] [ ROUTE ] array (
)
[ info ] [ HEADER ] array (
  'host' => 'localhost:7070',
  'connection' => 'keep-alive',
  'cache-control' => 'max-age=0',
  'upgrade-insecure-requests' => '1',
  'user-agent' => 'Mozilla/5.0 (iPhone; CPU iPhone OS 10_3_1 like Mac OS X) AppleWebKit/603.1.30 (KHTML, like Gecko) Version/10.0 Mobile/14E304 Safari/602.1',
  'accept' => 'text/html,application/xhtml+xml,application/xml;q=0.9,image/webp,image/apng,*/*;q=0.8',
  'accept-encoding' => 'gzip, deflate, br',
  'accept-language' => 'zh-CN,zh;q=0.9,en;q=0.8',
  'cookie' => '_ga=GA1.1.1484621407.1519658800; pgv_pvi=2373869568; Hm_lvt_b393d153aeb26b46e9431fabaf0f6190=1520325292; Phpstorm-70f7c4a0=68eb8070-19fb-4557-80cd-742304bfc67d',
)
[ info ] [ PARAM ] array (
)
[ info ] [ VIEW ] /Applications/XAMPP/xamppfiles/htdocs/traveler/application/index/view/index/index.html [ array (
) ]
[ info ] [ LOG ] INIT File
---------------------------------------------------------------
[ 2018-04-03T23:03:42+08:00 ] 0.0.0.0 GET /
[ info ] localhost:7070/ [运行时间：0.013389s][吞吐率：74.69req/s] [内存消耗：1,162.16kb] [文件加载：54]
[ info ] [ LANG ] /Applications/XAMPP/xamppfiles/htdocs/traveler/thinkphp/lang/zh-cn.php
[ info ] [ ROUTE ] array (
)
[ info ] [ HEADER ] array (
  'host' => 'localhost:7070',
  'connection' => 'keep-alive',
  'cache-control' => 'max-age=0',
  'upgrade-insecure-requests' => '1',
  'user-agent' => 'Mozilla/5.0 (iPhone; CPU iPhone OS 10_3_1 like Mac OS X) AppleWebKit/603.1.30 (KHTML, like Gecko) Version/10.0 Mobile/14E304 Safari/602.1',
  'accept' => 'text/html,application/xhtml+xml,application/xml;q=0.9,image/webp,image/apng,*/*;q=0.8',
  'accept-encoding' => 'gzip, deflate, br',
  'accept-language' => 'zh-CN,zh;q=0.9,en;q=0.8',
  'cookie' => '_ga=GA1.1.1484621407.1519658800; pgv_pvi=2373869568; Hm_lvt_b393d153aeb26b46e9431fabaf0f6190=1520325292; Phpstorm-70f7c4a0=68eb8070-19fb-4557-80cd-742304bfc67d',
)
[ info ] [ PARAM ] array (
)
[ info ] [ VIEW ] /Applications/XAMPP/xamppfiles/htdocs/traveler/application/index/view/index/index.html [ array (
) ]
[ info ] [ LOG ] INIT File
---------------------------------------------------------------
[ 2018-04-03T23:03:43+08:00 ] 0.0.0.0 GET /
[ info ] localhost:7070/ [运行时间：0.014308s][吞吐率：69.89req/s] [内存消耗：1,162.16kb] [文件加载：54]
[ info ] [ LANG ] /Applications/XAMPP/xamppfiles/htdocs/traveler/thinkphp/lang/zh-cn.php
[ info ] [ ROUTE ] array (
)
[ info ] [ HEADER ] array (
  'host' => 'localhost:7070',
  'connection' => 'keep-alive',
  'cache-control' => 'max-age=0',
  'upgrade-insecure-requests' => '1',
  'user-agent' => 'Mozilla/5.0 (iPhone; CPU iPhone OS 10_3_1 like Mac OS X) AppleWebKit/603.1.30 (KHTML, like Gecko) Version/10.0 Mobile/14E304 Safari/602.1',
  'accept' => 'text/html,application/xhtml+xml,application/xml;q=0.9,image/webp,image/apng,*/*;q=0.8',
  'accept-encoding' => 'gzip, deflate, br',
  'accept-language' => 'zh-CN,zh;q=0.9,en;q=0.8',
  'cookie' => '_ga=GA1.1.1484621407.1519658800; pgv_pvi=2373869568; Hm_lvt_b393d153aeb26b46e9431fabaf0f6190=1520325292; Phpstorm-70f7c4a0=68eb8070-19fb-4557-80cd-742304bfc67d',
)
[ info ] [ PARAM ] array (
)
[ info ] [ VIEW ] /Applications/XAMPP/xamppfiles/htdocs/traveler/application/index/view/index/index.html [ array (
) ]
[ info ] [ LOG ] INIT File
---------------------------------------------------------------
[ 2018-04-03T23:03:51+08:00 ] 0.0.0.0 GET /
[ info ] localhost:7070/ [运行时间：0.017463s][吞吐率：57.26req/s] [内存消耗：1,293.15kb] [文件加载：56]
[ info ] [ LANG ] /Applications/XAMPP/xamppfiles/htdocs/traveler/thinkphp/lang/zh-cn.php
[ info ] [ ROUTE ] array (
)
[ info ] [ HEADER ] array (
  'host' => 'localhost:7070',
  'connection' => 'keep-alive',
  'cache-control' => 'max-age=0',
  'upgrade-insecure-requests' => '1',
  'user-agent' => 'Mozilla/5.0 (iPhone; CPU iPhone OS 10_3_1 like Mac OS X) AppleWebKit/603.1.30 (KHTML, like Gecko) Version/10.0 Mobile/14E304 Safari/602.1',
  'accept' => 'text/html,application/xhtml+xml,application/xml;q=0.9,image/webp,image/apng,*/*;q=0.8',
  'accept-encoding' => 'gzip, deflate, br',
  'accept-language' => 'zh-CN,zh;q=0.9,en;q=0.8',
  'cookie' => '_ga=GA1.1.1484621407.1519658800; pgv_pvi=2373869568; Hm_lvt_b393d153aeb26b46e9431fabaf0f6190=1520325292; Phpstorm-70f7c4a0=68eb8070-19fb-4557-80cd-742304bfc67d',
)
[ info ] [ PARAM ] array (
)
[ info ] [ VIEW ] /Applications/XAMPP/xamppfiles/htdocs/traveler/application/index/view/index/index.html [ array (
) ]
[ info ] [ LOG ] INIT File
---------------------------------------------------------------
[ 2018-04-03T23:03:53+08:00 ] 0.0.0.0 GET /
[ info ] localhost:7070/ [运行时间：0.016207s][吞吐率：61.70req/s] [内存消耗：1,161.66kb] [文件加载：54]
[ info ] [ LANG ] /Applications/XAMPP/xamppfiles/htdocs/traveler/thinkphp/lang/zh-cn.php
[ info ] [ ROUTE ] array (
)
[ info ] [ HEADER ] array (
  'host' => 'localhost:7070',
  'connection' => 'keep-alive',
  'cache-control' => 'max-age=0',
  'upgrade-insecure-requests' => '1',
  'user-agent' => 'Mozilla/5.0 (iPhone; CPU iPhone OS 10_3_1 like Mac OS X) AppleWebKit/603.1.30 (KHTML, like Gecko) Version/10.0 Mobile/14E304 Safari/602.1',
  'accept' => 'text/html,application/xhtml+xml,application/xml;q=0.9,image/webp,image/apng,*/*;q=0.8',
  'accept-encoding' => 'gzip, deflate, br',
  'accept-language' => 'zh-CN,zh;q=0.9,en;q=0.8',
  'cookie' => '_ga=GA1.1.1484621407.1519658800; pgv_pvi=2373869568; Hm_lvt_b393d153aeb26b46e9431fabaf0f6190=1520325292; Phpstorm-70f7c4a0=68eb8070-19fb-4557-80cd-742304bfc67d',
)
[ info ] [ PARAM ] array (
)
[ info ] [ VIEW ] /Applications/XAMPP/xamppfiles/htdocs/traveler/application/index/view/index/index.html [ array (
) ]
[ info ] [ LOG ] INIT File
---------------------------------------------------------------
[ 2018-04-03T23:04:06+08:00 ] 0.0.0.0 GET /
[ info ] localhost:7070/ [运行时间：0.022351s][吞吐率：44.74req/s] [内存消耗：1,196.70kb] [文件加载：56]
[ info ] [ LANG ] /Applications/XAMPP/xamppfiles/htdocs/traveler/thinkphp/lang/zh-cn.php
[ info ] [ ROUTE ] array (
)
[ info ] [ HEADER ] array (
  'host' => 'localhost:7070',
  'connection' => 'keep-alive',
  'cache-control' => 'max-age=0',
  'upgrade-insecure-requests' => '1',
  'user-agent' => 'Mozilla/5.0 (iPhone; CPU iPhone OS 10_3_1 like Mac OS X) AppleWebKit/603.1.30 (KHTML, like Gecko) Version/10.0 Mobile/14E304 Safari/602.1',
  'accept' => 'text/html,application/xhtml+xml,application/xml;q=0.9,image/webp,image/apng,*/*;q=0.8',
  'accept-encoding' => 'gzip, deflate, br',
  'accept-language' => 'zh-CN,zh;q=0.9,en;q=0.8',
  'cookie' => '_ga=GA1.1.1484621407.1519658800; pgv_pvi=2373869568; Hm_lvt_b393d153aeb26b46e9431fabaf0f6190=1520325292; Phpstorm-70f7c4a0=68eb8070-19fb-4557-80cd-742304bfc67d',
)
[ info ] [ PARAM ] array (
)
[ info ] [ VIEW ] /Applications/XAMPP/xamppfiles/htdocs/traveler/application/index/view/index/index.html [ array (
) ]
[ info ] [ LOG ] INIT File
---------------------------------------------------------------
[ 2018-04-03T23:04:17+08:00 ] 0.0.0.0 GET /
[ info ] localhost:7070/ [运行时间：0.030217s][吞吐率：33.09req/s] [内存消耗：1,328.44kb] [文件加载：58]
[ info ] [ LANG ] /Applications/XAMPP/xamppfiles/htdocs/traveler/thinkphp/lang/zh-cn.php
[ info ] [ ROUTE ] array (
)
[ info ] [ HEADER ] array (
  'host' => 'localhost:7070',
  'connection' => 'keep-alive',
  'cache-control' => 'max-age=0',
  'upgrade-insecure-requests' => '1',
  'user-agent' => 'Mozilla/5.0 (iPhone; CPU iPhone OS 10_3_1 like Mac OS X) AppleWebKit/603.1.30 (KHTML, like Gecko) Version/10.0 Mobile/14E304 Safari/602.1',
  'accept' => 'text/html,application/xhtml+xml,application/xml;q=0.9,image/webp,image/apng,*/*;q=0.8',
  'accept-encoding' => 'gzip, deflate, br',
  'accept-language' => 'zh-CN,zh;q=0.9,en;q=0.8',
  'cookie' => '_ga=GA1.1.1484621407.1519658800; pgv_pvi=2373869568; Hm_lvt_b393d153aeb26b46e9431fabaf0f6190=1520325292; Phpstorm-70f7c4a0=68eb8070-19fb-4557-80cd-742304bfc67d',
)
[ info ] [ PARAM ] array (
)
[ info ] [ VIEW ] /Applications/XAMPP/xamppfiles/htdocs/traveler/application/index/view/index/index.html [ array (
) ]
[ info ] [ LOG ] INIT File
---------------------------------------------------------------
[ 2018-04-03T23:04:20+08:00 ] 0.0.0.0 GET /
[ info ] localhost:7070/ [运行时间：0.015370s][吞吐率：65.06req/s] [内存消耗：1,328.19kb] [文件加载：58]
[ info ] [ LANG ] /Applications/XAMPP/xamppfiles/htdocs/traveler/thinkphp/lang/zh-cn.php
[ info ] [ ROUTE ] array (
)
[ info ] [ HEADER ] array (
  'host' => 'localhost:7070',
  'connection' => 'keep-alive',
  'cache-control' => 'max-age=0',
  'upgrade-insecure-requests' => '1',
  'user-agent' => 'Mozilla/5.0 (iPhone; CPU iPhone OS 10_3_1 like Mac OS X) AppleWebKit/603.1.30 (KHTML, like Gecko) Version/10.0 Mobile/14E304 Safari/602.1',
  'accept' => 'text/html,application/xhtml+xml,application/xml;q=0.9,image/webp,image/apng,*/*;q=0.8',
  'accept-encoding' => 'gzip, deflate, br',
  'accept-language' => 'zh-CN,zh;q=0.9,en;q=0.8',
  'cookie' => '_ga=GA1.1.1484621407.1519658800; pgv_pvi=2373869568; Hm_lvt_b393d153aeb26b46e9431fabaf0f6190=1520325292; Phpstorm-70f7c4a0=68eb8070-19fb-4557-80cd-742304bfc67d',
)
[ info ] [ PARAM ] array (
)
[ info ] [ VIEW ] /Applications/XAMPP/xamppfiles/htdocs/traveler/application/index/view/index/index.html [ array (
) ]
[ info ] [ LOG ] INIT File
---------------------------------------------------------------
[ 2018-04-03T23:04:23+08:00 ] 0.0.0.0 GET /
[ info ] localhost:7070/ [运行时间：0.019106s][吞吐率：52.34req/s] [内存消耗：1,328.44kb] [文件加载：58]
[ info ] [ LANG ] /Applications/XAMPP/xamppfiles/htdocs/traveler/thinkphp/lang/zh-cn.php
[ info ] [ ROUTE ] array (
)
[ info ] [ HEADER ] array (
  'host' => 'localhost:7070',
  'connection' => 'keep-alive',
  'cache-control' => 'max-age=0',
  'upgrade-insecure-requests' => '1',
  'user-agent' => 'Mozilla/5.0 (iPhone; CPU iPhone OS 10_3_1 like Mac OS X) AppleWebKit/603.1.30 (KHTML, like Gecko) Version/10.0 Mobile/14E304 Safari/602.1',
  'accept' => 'text/html,application/xhtml+xml,application/xml;q=0.9,image/webp,image/apng,*/*;q=0.8',
  'accept-encoding' => 'gzip, deflate, br',
  'accept-language' => 'zh-CN,zh;q=0.9,en;q=0.8',
  'cookie' => '_ga=GA1.1.1484621407.1519658800; pgv_pvi=2373869568; Hm_lvt_b393d153aeb26b46e9431fabaf0f6190=1520325292; Phpstorm-70f7c4a0=68eb8070-19fb-4557-80cd-742304bfc67d',
)
[ info ] [ PARAM ] array (
)
[ info ] [ VIEW ] /Applications/XAMPP/xamppfiles/htdocs/traveler/application/index/view/index/index.html [ array (
) ]
[ info ] [ LOG ] INIT File
---------------------------------------------------------------
[ 2018-04-03T23:04:24+08:00 ] 0.0.0.0 GET /
[ info ] localhost:7070/ [运行时间：0.020420s][吞吐率：48.97req/s] [内存消耗：1,196.83kb] [文件加载：56]
[ info ] [ LANG ] /Applications/XAMPP/xamppfiles/htdocs/traveler/thinkphp/lang/zh-cn.php
[ info ] [ ROUTE ] array (
)
[ info ] [ HEADER ] array (
  'host' => 'localhost:7070',
  'connection' => 'keep-alive',
  'cache-control' => 'max-age=0',
  'upgrade-insecure-requests' => '1',
  'user-agent' => 'Mozilla/5.0 (iPhone; CPU iPhone OS 10_3_1 like Mac OS X) AppleWebKit/603.1.30 (KHTML, like Gecko) Version/10.0 Mobile/14E304 Safari/602.1',
  'accept' => 'text/html,application/xhtml+xml,application/xml;q=0.9,image/webp,image/apng,*/*;q=0.8',
  'accept-encoding' => 'gzip, deflate, br',
  'accept-language' => 'zh-CN,zh;q=0.9,en;q=0.8',
  'cookie' => '_ga=GA1.1.1484621407.1519658800; pgv_pvi=2373869568; Hm_lvt_b393d153aeb26b46e9431fabaf0f6190=1520325292; Phpstorm-70f7c4a0=68eb8070-19fb-4557-80cd-742304bfc67d',
)
[ info ] [ PARAM ] array (
)
[ info ] [ VIEW ] /Applications/XAMPP/xamppfiles/htdocs/traveler/application/index/view/index/index.html [ array (
) ]
[ info ] [ LOG ] INIT File
---------------------------------------------------------------
[ 2018-04-03T23:04:24+08:00 ] 0.0.0.0 GET /
[ info ] localhost:7070/ [运行时间：0.013660s][吞吐率：73.21req/s] [内存消耗：1,196.83kb] [文件加载：56]
[ info ] [ LANG ] /Applications/XAMPP/xamppfiles/htdocs/traveler/thinkphp/lang/zh-cn.php
[ info ] [ ROUTE ] array (
)
[ info ] [ HEADER ] array (
  'host' => 'localhost:7070',
  'connection' => 'keep-alive',
  'cache-control' => 'max-age=0',
  'upgrade-insecure-requests' => '1',
  'user-agent' => 'Mozilla/5.0 (iPhone; CPU iPhone OS 10_3_1 like Mac OS X) AppleWebKit/603.1.30 (KHTML, like Gecko) Version/10.0 Mobile/14E304 Safari/602.1',
  'accept' => 'text/html,application/xhtml+xml,application/xml;q=0.9,image/webp,image/apng,*/*;q=0.8',
  'accept-encoding' => 'gzip, deflate, br',
  'accept-language' => 'zh-CN,zh;q=0.9,en;q=0.8',
  'cookie' => '_ga=GA1.1.1484621407.1519658800; pgv_pvi=2373869568; Hm_lvt_b393d153aeb26b46e9431fabaf0f6190=1520325292; Phpstorm-70f7c4a0=68eb8070-19fb-4557-80cd-742304bfc67d',
)
[ info ] [ PARAM ] array (
)
[ info ] [ VIEW ] /Applications/XAMPP/xamppfiles/htdocs/traveler/application/index/view/index/index.html [ array (
) ]
[ info ] [ LOG ] INIT File
---------------------------------------------------------------
[ 2018-04-03T23:04:25+08:00 ] 0.0.0.0 GET /
[ info ] localhost:7070/ [运行时间：0.015501s][吞吐率：64.51req/s] [内存消耗：1,196.83kb] [文件加载：56]
[ info ] [ LANG ] /Applications/XAMPP/xamppfiles/htdocs/traveler/thinkphp/lang/zh-cn.php
[ info ] [ ROUTE ] array (
)
[ info ] [ HEADER ] array (
  'host' => 'localhost:7070',
  'connection' => 'keep-alive',
  'cache-control' => 'max-age=0',
  'upgrade-insecure-requests' => '1',
  'user-agent' => 'Mozilla/5.0 (iPhone; CPU iPhone OS 10_3_1 like Mac OS X) AppleWebKit/603.1.30 (KHTML, like Gecko) Version/10.0 Mobile/14E304 Safari/602.1',
  'accept' => 'text/html,application/xhtml+xml,application/xml;q=0.9,image/webp,image/apng,*/*;q=0.8',
  'accept-encoding' => 'gzip, deflate, br',
  'accept-language' => 'zh-CN,zh;q=0.9,en;q=0.8',
  'cookie' => '_ga=GA1.1.1484621407.1519658800; pgv_pvi=2373869568; Hm_lvt_b393d153aeb26b46e9431fabaf0f6190=1520325292; Phpstorm-70f7c4a0=68eb8070-19fb-4557-80cd-742304bfc67d',
)
[ info ] [ PARAM ] array (
)
[ info ] [ VIEW ] /Applications/XAMPP/xamppfiles/htdocs/traveler/application/index/view/index/index.html [ array (
) ]
[ info ] [ LOG ] INIT File
---------------------------------------------------------------
[ 2018-04-03T23:04:25+08:00 ] 0.0.0.0 GET /
[ info ] localhost:7070/ [运行时间：0.012961s][吞吐率：77.15req/s] [内存消耗：1,196.83kb] [文件加载：56]
[ info ] [ LANG ] /Applications/XAMPP/xamppfiles/htdocs/traveler/thinkphp/lang/zh-cn.php
[ info ] [ ROUTE ] array (
)
[ info ] [ HEADER ] array (
  'host' => 'localhost:7070',
  'connection' => 'keep-alive',
  'cache-control' => 'max-age=0',
  'upgrade-insecure-requests' => '1',
  'user-agent' => 'Mozilla/5.0 (iPhone; CPU iPhone OS 10_3_1 like Mac OS X) AppleWebKit/603.1.30 (KHTML, like Gecko) Version/10.0 Mobile/14E304 Safari/602.1',
  'accept' => 'text/html,application/xhtml+xml,application/xml;q=0.9,image/webp,image/apng,*/*;q=0.8',
  'accept-encoding' => 'gzip, deflate, br',
  'accept-language' => 'zh-CN,zh;q=0.9,en;q=0.8',
  'cookie' => '_ga=GA1.1.1484621407.1519658800; pgv_pvi=2373869568; Hm_lvt_b393d153aeb26b46e9431fabaf0f6190=1520325292; Phpstorm-70f7c4a0=68eb8070-19fb-4557-80cd-742304bfc67d',
)
[ info ] [ PARAM ] array (
)
[ info ] [ VIEW ] /Applications/XAMPP/xamppfiles/htdocs/traveler/application/index/view/index/index.html [ array (
) ]
[ info ] [ LOG ] INIT File
---------------------------------------------------------------
[ 2018-04-03T23:04:25+08:00 ] 0.0.0.0 GET /
[ info ] localhost:7070/ [运行时间：0.015233s][吞吐率：65.65req/s] [内存消耗：1,196.83kb] [文件加载：56]
[ info ] [ LANG ] /Applications/XAMPP/xamppfiles/htdocs/traveler/thinkphp/lang/zh-cn.php
[ info ] [ ROUTE ] array (
)
[ info ] [ HEADER ] array (
  'host' => 'localhost:7070',
  'connection' => 'keep-alive',
  'cache-control' => 'max-age=0',
  'upgrade-insecure-requests' => '1',
  'user-agent' => 'Mozilla/5.0 (iPhone; CPU iPhone OS 10_3_1 like Mac OS X) AppleWebKit/603.1.30 (KHTML, like Gecko) Version/10.0 Mobile/14E304 Safari/602.1',
  'accept' => 'text/html,application/xhtml+xml,application/xml;q=0.9,image/webp,image/apng,*/*;q=0.8',
  'accept-encoding' => 'gzip, deflate, br',
  'accept-language' => 'zh-CN,zh;q=0.9,en;q=0.8',
  'cookie' => '_ga=GA1.1.1484621407.1519658800; pgv_pvi=2373869568; Hm_lvt_b393d153aeb26b46e9431fabaf0f6190=1520325292; Phpstorm-70f7c4a0=68eb8070-19fb-4557-80cd-742304bfc67d',
)
[ info ] [ PARAM ] array (
)
[ info ] [ VIEW ] /Applications/XAMPP/xamppfiles/htdocs/traveler/application/index/view/index/index.html [ array (
) ]
[ info ] [ LOG ] INIT File
---------------------------------------------------------------
[ 2018-04-03T23:04:26+08:00 ] 0.0.0.0 GET /
[ info ] localhost:7070/ [运行时间：0.015983s][吞吐率：62.57req/s] [内存消耗：1,196.83kb] [文件加载：56]
[ info ] [ LANG ] /Applications/XAMPP/xamppfiles/htdocs/traveler/thinkphp/lang/zh-cn.php
[ info ] [ ROUTE ] array (
)
[ info ] [ HEADER ] array (
  'host' => 'localhost:7070',
  'connection' => 'keep-alive',
  'cache-control' => 'max-age=0',
  'upgrade-insecure-requests' => '1',
  'user-agent' => 'Mozilla/5.0 (iPhone; CPU iPhone OS 10_3_1 like Mac OS X) AppleWebKit/603.1.30 (KHTML, like Gecko) Version/10.0 Mobile/14E304 Safari/602.1',
  'accept' => 'text/html,application/xhtml+xml,application/xml;q=0.9,image/webp,image/apng,*/*;q=0.8',
  'accept-encoding' => 'gzip, deflate, br',
  'accept-language' => 'zh-CN,zh;q=0.9,en;q=0.8',
  'cookie' => '_ga=GA1.1.1484621407.1519658800; pgv_pvi=2373869568; Hm_lvt_b393d153aeb26b46e9431fabaf0f6190=1520325292; Phpstorm-70f7c4a0=68eb8070-19fb-4557-80cd-742304bfc67d',
)
[ info ] [ PARAM ] array (
)
[ info ] [ VIEW ] /Applications/XAMPP/xamppfiles/htdocs/traveler/application/index/view/index/index.html [ array (
) ]
[ info ] [ LOG ] INIT File
---------------------------------------------------------------
[ 2018-04-03T23:04:26+08:00 ] 0.0.0.0 GET /
[ info ] localhost:7070/ [运行时间：0.012532s][吞吐率：79.80req/s] [内存消耗：1,196.83kb] [文件加载：56]
[ info ] [ LANG ] /Applications/XAMPP/xamppfiles/htdocs/traveler/thinkphp/lang/zh-cn.php
[ info ] [ ROUTE ] array (
)
[ info ] [ HEADER ] array (
  'host' => 'localhost:7070',
  'connection' => 'keep-alive',
  'cache-control' => 'max-age=0',
  'upgrade-insecure-requests' => '1',
  'user-agent' => 'Mozilla/5.0 (iPhone; CPU iPhone OS 10_3_1 like Mac OS X) AppleWebKit/603.1.30 (KHTML, like Gecko) Version/10.0 Mobile/14E304 Safari/602.1',
  'accept' => 'text/html,application/xhtml+xml,application/xml;q=0.9,image/webp,image/apng,*/*;q=0.8',
  'accept-encoding' => 'gzip, deflate, br',
  'accept-language' => 'zh-CN,zh;q=0.9,en;q=0.8',
  'cookie' => '_ga=GA1.1.1484621407.1519658800; pgv_pvi=2373869568; Hm_lvt_b393d153aeb26b46e9431fabaf0f6190=1520325292; Phpstorm-70f7c4a0=68eb8070-19fb-4557-80cd-742304bfc67d',
)
[ info ] [ PARAM ] array (
)
[ info ] [ VIEW ] /Applications/XAMPP/xamppfiles/htdocs/traveler/application/index/view/index/index.html [ array (
) ]
[ info ] [ LOG ] INIT File
---------------------------------------------------------------
[ 2018-04-03T23:04:27+08:00 ] 0.0.0.0 GET /
[ info ] localhost:7070/ [运行时间：0.015668s][吞吐率：63.82req/s] [内存消耗：1,196.83kb] [文件加载：56]
[ info ] [ LANG ] /Applications/XAMPP/xamppfiles/htdocs/traveler/thinkphp/lang/zh-cn.php
[ info ] [ ROUTE ] array (
)
[ info ] [ HEADER ] array (
  'host' => 'localhost:7070',
  'connection' => 'keep-alive',
  'cache-control' => 'max-age=0',
  'upgrade-insecure-requests' => '1',
  'user-agent' => 'Mozilla/5.0 (iPhone; CPU iPhone OS 10_3_1 like Mac OS X) AppleWebKit/603.1.30 (KHTML, like Gecko) Version/10.0 Mobile/14E304 Safari/602.1',
  'accept' => 'text/html,application/xhtml+xml,application/xml;q=0.9,image/webp,image/apng,*/*;q=0.8',
  'accept-encoding' => 'gzip, deflate, br',
  'accept-language' => 'zh-CN,zh;q=0.9,en;q=0.8',
  'cookie' => '_ga=GA1.1.1484621407.1519658800; pgv_pvi=2373869568; Hm_lvt_b393d153aeb26b46e9431fabaf0f6190=1520325292; Phpstorm-70f7c4a0=68eb8070-19fb-4557-80cd-742304bfc67d',
)
[ info ] [ PARAM ] array (
)
[ info ] [ VIEW ] /Applications/XAMPP/xamppfiles/htdocs/traveler/application/index/view/index/index.html [ array (
) ]
[ info ] [ LOG ] INIT File
---------------------------------------------------------------
[ 2018-04-03T23:04:27+08:00 ] 0.0.0.0 GET /
[ info ] localhost:7070/ [运行时间：0.015908s][吞吐率：62.86req/s] [内存消耗：1,196.83kb] [文件加载：56]
[ info ] [ LANG ] /Applications/XAMPP/xamppfiles/htdocs/traveler/thinkphp/lang/zh-cn.php
[ info ] [ ROUTE ] array (
)
[ info ] [ HEADER ] array (
  'host' => 'localhost:7070',
  'connection' => 'keep-alive',
  'cache-control' => 'max-age=0',
  'upgrade-insecure-requests' => '1',
  'user-agent' => 'Mozilla/5.0 (iPhone; CPU iPhone OS 10_3_1 like Mac OS X) AppleWebKit/603.1.30 (KHTML, like Gecko) Version/10.0 Mobile/14E304 Safari/602.1',
  'accept' => 'text/html,application/xhtml+xml,application/xml;q=0.9,image/webp,image/apng,*/*;q=0.8',
  'accept-encoding' => 'gzip, deflate, br',
  'accept-language' => 'zh-CN,zh;q=0.9,en;q=0.8',
  'cookie' => '_ga=GA1.1.1484621407.1519658800; pgv_pvi=2373869568; Hm_lvt_b393d153aeb26b46e9431fabaf0f6190=1520325292; Phpstorm-70f7c4a0=68eb8070-19fb-4557-80cd-742304bfc67d',
)
[ info ] [ PARAM ] array (
)
[ info ] [ VIEW ] /Applications/XAMPP/xamppfiles/htdocs/traveler/application/index/view/index/index.html [ array (
) ]
[ info ] [ LOG ] INIT File
---------------------------------------------------------------
[ 2018-04-03T23:04:28+08:00 ] 0.0.0.0 GET /
[ info ] localhost:7070/ [运行时间：0.013827s][吞吐率：72.32req/s] [内存消耗：1,196.83kb] [文件加载：56]
[ info ] [ LANG ] /Applications/XAMPP/xamppfiles/htdocs/traveler/thinkphp/lang/zh-cn.php
[ info ] [ ROUTE ] array (
)
[ info ] [ HEADER ] array (
  'host' => 'localhost:7070',
  'connection' => 'keep-alive',
  'cache-control' => 'max-age=0',
  'upgrade-insecure-requests' => '1',
  'user-agent' => 'Mozilla/5.0 (iPhone; CPU iPhone OS 10_3_1 like Mac OS X) AppleWebKit/603.1.30 (KHTML, like Gecko) Version/10.0 Mobile/14E304 Safari/602.1',
  'accept' => 'text/html,application/xhtml+xml,application/xml;q=0.9,image/webp,image/apng,*/*;q=0.8',
  'accept-encoding' => 'gzip, deflate, br',
  'accept-language' => 'zh-CN,zh;q=0.9,en;q=0.8',
  'cookie' => '_ga=GA1.1.1484621407.1519658800; pgv_pvi=2373869568; Hm_lvt_b393d153aeb26b46e9431fabaf0f6190=1520325292; Phpstorm-70f7c4a0=68eb8070-19fb-4557-80cd-742304bfc67d',
)
[ info ] [ PARAM ] array (
)
[ info ] [ VIEW ] /Applications/XAMPP/xamppfiles/htdocs/traveler/application/index/view/index/index.html [ array (
) ]
[ info ] [ LOG ] INIT File
---------------------------------------------------------------
[ 2018-04-03T23:04:44+08:00 ] 0.0.0.0 GET /
[ info ] localhost:7070/ [运行时间：0.021493s][吞吐率：46.53req/s] [内存消耗：1,329.66kb] [文件加载：58]
[ info ] [ LANG ] /Applications/XAMPP/xamppfiles/htdocs/traveler/thinkphp/lang/zh-cn.php
[ info ] [ ROUTE ] array (
)
[ info ] [ HEADER ] array (
  'host' => 'localhost:7070',
  'connection' => 'keep-alive',
  'cache-control' => 'max-age=0',
  'upgrade-insecure-requests' => '1',
  'user-agent' => 'Mozilla/5.0 (iPhone; CPU iPhone OS 10_3_1 like Mac OS X) AppleWebKit/603.1.30 (KHTML, like Gecko) Version/10.0 Mobile/14E304 Safari/602.1',
  'accept' => 'text/html,application/xhtml+xml,application/xml;q=0.9,image/webp,image/apng,*/*;q=0.8',
  'accept-encoding' => 'gzip, deflate, br',
  'accept-language' => 'zh-CN,zh;q=0.9,en;q=0.8',
  'cookie' => '_ga=GA1.1.1484621407.1519658800; pgv_pvi=2373869568; Hm_lvt_b393d153aeb26b46e9431fabaf0f6190=1520325292; Phpstorm-70f7c4a0=68eb8070-19fb-4557-80cd-742304bfc67d',
)
[ info ] [ PARAM ] array (
)
[ info ] [ VIEW ] /Applications/XAMPP/xamppfiles/htdocs/traveler/application/index/view/index/index.html [ array (
) ]
[ info ] [ LOG ] INIT File
---------------------------------------------------------------
[ 2018-04-03T23:04:50+08:00 ] 0.0.0.0 GET /
[ info ] localhost:7070/ [运行时间：0.020604s][吞吐率：48.53req/s] [内存消耗：1,329.66kb] [文件加载：58]
[ info ] [ LANG ] /Applications/XAMPP/xamppfiles/htdocs/traveler/thinkphp/lang/zh-cn.php
[ info ] [ ROUTE ] array (
)
[ info ] [ HEADER ] array (
  'host' => 'localhost:7070',
  'connection' => 'keep-alive',
  'cache-control' => 'max-age=0',
  'upgrade-insecure-requests' => '1',
  'user-agent' => 'Mozilla/5.0 (iPhone; CPU iPhone OS 10_3_1 like Mac OS X) AppleWebKit/603.1.30 (KHTML, like Gecko) Version/10.0 Mobile/14E304 Safari/602.1',
  'accept' => 'text/html,application/xhtml+xml,application/xml;q=0.9,image/webp,image/apng,*/*;q=0.8',
  'accept-encoding' => 'gzip, deflate, br',
  'accept-language' => 'zh-CN,zh;q=0.9,en;q=0.8',
  'cookie' => '_ga=GA1.1.1484621407.1519658800; pgv_pvi=2373869568; Hm_lvt_b393d153aeb26b46e9431fabaf0f6190=1520325292; Phpstorm-70f7c4a0=68eb8070-19fb-4557-80cd-742304bfc67d',
)
[ info ] [ PARAM ] array (
)
[ info ] [ VIEW ] /Applications/XAMPP/xamppfiles/htdocs/traveler/application/index/view/index/index.html [ array (
) ]
[ info ] [ LOG ] INIT File
---------------------------------------------------------------
[ 2018-04-03T23:04:55+08:00 ] 0.0.0.0 GET /
[ info ] localhost:7070/ [运行时间：0.017767s][吞吐率：56.28req/s] [内存消耗：1,329.66kb] [文件加载：58]
[ info ] [ LANG ] /Applications/XAMPP/xamppfiles/htdocs/traveler/thinkphp/lang/zh-cn.php
[ info ] [ ROUTE ] array (
)
[ info ] [ HEADER ] array (
  'host' => 'localhost:7070',
  'connection' => 'keep-alive',
  'cache-control' => 'max-age=0',
  'upgrade-insecure-requests' => '1',
  'user-agent' => 'Mozilla/5.0 (iPhone; CPU iPhone OS 10_3_1 like Mac OS X) AppleWebKit/603.1.30 (KHTML, like Gecko) Version/10.0 Mobile/14E304 Safari/602.1',
  'accept' => 'text/html,application/xhtml+xml,application/xml;q=0.9,image/webp,image/apng,*/*;q=0.8',
  'accept-encoding' => 'gzip, deflate, br',
  'accept-language' => 'zh-CN,zh;q=0.9,en;q=0.8',
  'cookie' => '_ga=GA1.1.1484621407.1519658800; pgv_pvi=2373869568; Hm_lvt_b393d153aeb26b46e9431fabaf0f6190=1520325292; Phpstorm-70f7c4a0=68eb8070-19fb-4557-80cd-742304bfc67d',
)
[ info ] [ PARAM ] array (
)
[ info ] [ VIEW ] /Applications/XAMPP/xamppfiles/htdocs/traveler/application/index/view/index/index.html [ array (
) ]
[ info ] [ LOG ] INIT File
---------------------------------------------------------------
[ 2018-04-03T23:04:56+08:00 ] 0.0.0.0 GET /
[ info ] localhost:7070/ [运行时间：0.014026s][吞吐率：71.30req/s] [内存消耗：1,197.20kb] [文件加载：56]
[ info ] [ LANG ] /Applications/XAMPP/xamppfiles/htdocs/traveler/thinkphp/lang/zh-cn.php
[ info ] [ ROUTE ] array (
)
[ info ] [ HEADER ] array (
  'host' => 'localhost:7070',
  'connection' => 'keep-alive',
  'cache-control' => 'max-age=0',
  'upgrade-insecure-requests' => '1',
  'user-agent' => 'Mozilla/5.0 (iPhone; CPU iPhone OS 10_3_1 like Mac OS X) AppleWebKit/603.1.30 (KHTML, like Gecko) Version/10.0 Mobile/14E304 Safari/602.1',
  'accept' => 'text/html,application/xhtml+xml,application/xml;q=0.9,image/webp,image/apng,*/*;q=0.8',
  'accept-encoding' => 'gzip, deflate, br',
  'accept-language' => 'zh-CN,zh;q=0.9,en;q=0.8',
  'cookie' => '_ga=GA1.1.1484621407.1519658800; pgv_pvi=2373869568; Hm_lvt_b393d153aeb26b46e9431fabaf0f6190=1520325292; Phpstorm-70f7c4a0=68eb8070-19fb-4557-80cd-742304bfc67d',
)
[ info ] [ PARAM ] array (
)
[ info ] [ VIEW ] /Applications/XAMPP/xamppfiles/htdocs/traveler/application/index/view/index/index.html [ array (
) ]
[ info ] [ LOG ] INIT File
---------------------------------------------------------------
[ 2018-04-03T23:04:57+08:00 ] 0.0.0.0 GET /
[ info ] localhost:7070/ [运行时间：0.015283s][吞吐率：65.43req/s] [内存消耗：1,197.20kb] [文件加载：56]
[ info ] [ LANG ] /Applications/XAMPP/xamppfiles/htdocs/traveler/thinkphp/lang/zh-cn.php
[ info ] [ ROUTE ] array (
)
[ info ] [ HEADER ] array (
  'host' => 'localhost:7070',
  'connection' => 'keep-alive',
  'cache-control' => 'max-age=0',
  'upgrade-insecure-requests' => '1',
  'user-agent' => 'Mozilla/5.0 (iPhone; CPU iPhone OS 10_3_1 like Mac OS X) AppleWebKit/603.1.30 (KHTML, like Gecko) Version/10.0 Mobile/14E304 Safari/602.1',
  'accept' => 'text/html,application/xhtml+xml,application/xml;q=0.9,image/webp,image/apng,*/*;q=0.8',
  'accept-encoding' => 'gzip, deflate, br',
  'accept-language' => 'zh-CN,zh;q=0.9,en;q=0.8',
  'cookie' => '_ga=GA1.1.1484621407.1519658800; pgv_pvi=2373869568; Hm_lvt_b393d153aeb26b46e9431fabaf0f6190=1520325292; Phpstorm-70f7c4a0=68eb8070-19fb-4557-80cd-742304bfc67d',
)
[ info ] [ PARAM ] array (
)
[ info ] [ VIEW ] /Applications/XAMPP/xamppfiles/htdocs/traveler/application/index/view/index/index.html [ array (
) ]
[ info ] [ LOG ] INIT File
---------------------------------------------------------------
[ 2018-04-03T23:05:28+08:00 ] 0.0.0.0 GET /
[ info ] localhost:7070/ [运行时间：0.149371s][吞吐率：6.69req/s] [内存消耗：1,330.28kb] [文件加载：58]
[ info ] [ LANG ] /Applications/XAMPP/xamppfiles/htdocs/traveler/thinkphp/lang/zh-cn.php
[ info ] [ ROUTE ] array (
)
[ info ] [ HEADER ] array (
  'host' => 'localhost:7070',
  'connection' => 'keep-alive',
  'cache-control' => 'max-age=0',
  'upgrade-insecure-requests' => '1',
  'user-agent' => 'Mozilla/5.0 (iPhone; CPU iPhone OS 10_3_1 like Mac OS X) AppleWebKit/603.1.30 (KHTML, like Gecko) Version/10.0 Mobile/14E304 Safari/602.1',
  'accept' => 'text/html,application/xhtml+xml,application/xml;q=0.9,image/webp,image/apng,*/*;q=0.8',
  'accept-encoding' => 'gzip, deflate, br',
  'accept-language' => 'zh-CN,zh;q=0.9,en;q=0.8',
  'cookie' => '_ga=GA1.1.1484621407.1519658800; pgv_pvi=2373869568; Hm_lvt_b393d153aeb26b46e9431fabaf0f6190=1520325292; Phpstorm-70f7c4a0=68eb8070-19fb-4557-80cd-742304bfc67d',
)
[ info ] [ PARAM ] array (
)
[ info ] [ VIEW ] /Applications/XAMPP/xamppfiles/htdocs/traveler/application/index/view/index/index.html [ array (
) ]
[ info ] [ LOG ] INIT File
---------------------------------------------------------------
[ 2018-04-03T23:05:29+08:00 ] 0.0.0.0 GET /
[ info ] localhost:7070/ [运行时间：0.020489s][吞吐率：48.81req/s] [内存消耗：1,197.45kb] [文件加载：56]
[ info ] [ LANG ] /Applications/XAMPP/xamppfiles/htdocs/traveler/thinkphp/lang/zh-cn.php
[ info ] [ ROUTE ] array (
)
[ info ] [ HEADER ] array (
  'host' => 'localhost:7070',
  'connection' => 'keep-alive',
  'cache-control' => 'max-age=0',
  'upgrade-insecure-requests' => '1',
  'user-agent' => 'Mozilla/5.0 (iPhone; CPU iPhone OS 10_3_1 like Mac OS X) AppleWebKit/603.1.30 (KHTML, like Gecko) Version/10.0 Mobile/14E304 Safari/602.1',
  'accept' => 'text/html,application/xhtml+xml,application/xml;q=0.9,image/webp,image/apng,*/*;q=0.8',
  'accept-encoding' => 'gzip, deflate, br',
  'accept-language' => 'zh-CN,zh;q=0.9,en;q=0.8',
  'cookie' => '_ga=GA1.1.1484621407.1519658800; pgv_pvi=2373869568; Hm_lvt_b393d153aeb26b46e9431fabaf0f6190=1520325292; Phpstorm-70f7c4a0=68eb8070-19fb-4557-80cd-742304bfc67d',
)
[ info ] [ PARAM ] array (
)
[ info ] [ VIEW ] /Applications/XAMPP/xamppfiles/htdocs/traveler/application/index/view/index/index.html [ array (
) ]
[ info ] [ LOG ] INIT File
---------------------------------------------------------------
[ 2018-04-03T23:05:29+08:00 ] 0.0.0.0 GET /
[ info ] localhost:7070/ [运行时间：0.018485s][吞吐率：54.10req/s] [内存消耗：1,197.45kb] [文件加载：56]
[ info ] [ LANG ] /Applications/XAMPP/xamppfiles/htdocs/traveler/thinkphp/lang/zh-cn.php
[ info ] [ ROUTE ] array (
)
[ info ] [ HEADER ] array (
  'host' => 'localhost:7070',
  'connection' => 'keep-alive',
  'cache-control' => 'max-age=0',
  'upgrade-insecure-requests' => '1',
  'user-agent' => 'Mozilla/5.0 (iPhone; CPU iPhone OS 10_3_1 like Mac OS X) AppleWebKit/603.1.30 (KHTML, like Gecko) Version/10.0 Mobile/14E304 Safari/602.1',
  'accept' => 'text/html,application/xhtml+xml,application/xml;q=0.9,image/webp,image/apng,*/*;q=0.8',
  'accept-encoding' => 'gzip, deflate, br',
  'accept-language' => 'zh-CN,zh;q=0.9,en;q=0.8',
  'cookie' => '_ga=GA1.1.1484621407.1519658800; pgv_pvi=2373869568; Hm_lvt_b393d153aeb26b46e9431fabaf0f6190=1520325292; Phpstorm-70f7c4a0=68eb8070-19fb-4557-80cd-742304bfc67d',
)
[ info ] [ PARAM ] array (
)
[ info ] [ VIEW ] /Applications/XAMPP/xamppfiles/htdocs/traveler/application/index/view/index/index.html [ array (
) ]
[ info ] [ LOG ] INIT File
---------------------------------------------------------------
[ 2018-04-03T23:05:50+08:00 ] 0.0.0.0 GET /
[ info ] localhost:7070/ [运行时间：0.116487s][吞吐率：8.58req/s] [内存消耗：1,329.53kb] [文件加载：58]
[ info ] [ LANG ] /Applications/XAMPP/xamppfiles/htdocs/traveler/thinkphp/lang/zh-cn.php
[ info ] [ ROUTE ] array (
)
[ info ] [ HEADER ] array (
  'host' => 'localhost:7070',
  'connection' => 'keep-alive',
  'cache-control' => 'max-age=0',
  'upgrade-insecure-requests' => '1',
  'user-agent' => 'Mozilla/5.0 (iPhone; CPU iPhone OS 10_3_1 like Mac OS X) AppleWebKit/603.1.30 (KHTML, like Gecko) Version/10.0 Mobile/14E304 Safari/602.1',
  'accept' => 'text/html,application/xhtml+xml,application/xml;q=0.9,image/webp,image/apng,*/*;q=0.8',
  'accept-encoding' => 'gzip, deflate, br',
  'accept-language' => 'zh-CN,zh;q=0.9,en;q=0.8',
  'cookie' => '_ga=GA1.1.1484621407.1519658800; pgv_pvi=2373869568; Hm_lvt_b393d153aeb26b46e9431fabaf0f6190=1520325292; Phpstorm-70f7c4a0=68eb8070-19fb-4557-80cd-742304bfc67d',
)
[ info ] [ PARAM ] array (
)
[ info ] [ VIEW ] /Applications/XAMPP/xamppfiles/htdocs/traveler/application/index/view/index/index.html [ array (
) ]
[ info ] [ LOG ] INIT File
---------------------------------------------------------------
[ 2018-04-03T23:05:53+08:00 ] 0.0.0.0 GET /
[ info ] localhost:7070/ [运行时间：0.015878s][吞吐率：62.98req/s] [内存消耗：1,196.95kb] [文件加载：56]
[ info ] [ LANG ] /Applications/XAMPP/xamppfiles/htdocs/traveler/thinkphp/lang/zh-cn.php
[ info ] [ ROUTE ] array (
)
[ info ] [ HEADER ] array (
  'host' => 'localhost:7070',
  'connection' => 'keep-alive',
  'cache-control' => 'max-age=0',
  'upgrade-insecure-requests' => '1',
  'user-agent' => 'Mozilla/5.0 (iPhone; CPU iPhone OS 10_3_1 like Mac OS X) AppleWebKit/603.1.30 (KHTML, like Gecko) Version/10.0 Mobile/14E304 Safari/602.1',
  'accept' => 'text/html,application/xhtml+xml,application/xml;q=0.9,image/webp,image/apng,*/*;q=0.8',
  'accept-encoding' => 'gzip, deflate, br',
  'accept-language' => 'zh-CN,zh;q=0.9,en;q=0.8',
  'cookie' => '_ga=GA1.1.1484621407.1519658800; pgv_pvi=2373869568; Hm_lvt_b393d153aeb26b46e9431fabaf0f6190=1520325292; Phpstorm-70f7c4a0=68eb8070-19fb-4557-80cd-742304bfc67d',
)
[ info ] [ PARAM ] array (
)
[ info ] [ VIEW ] /Applications/XAMPP/xamppfiles/htdocs/traveler/application/index/view/index/index.html [ array (
) ]
[ info ] [ LOG ] INIT File
---------------------------------------------------------------
[ 2018-04-03T23:06:30+08:00 ] 0.0.0.0 GET /
[ info ] localhost:7070/ [运行时间：0.016933s][吞吐率：59.06req/s] [内存消耗：1,329.53kb] [文件加载：58]
[ info ] [ LANG ] /Applications/XAMPP/xamppfiles/htdocs/traveler/thinkphp/lang/zh-cn.php
[ info ] [ ROUTE ] array (
)
[ info ] [ HEADER ] array (
  'host' => 'localhost:7070',
  'connection' => 'keep-alive',
  'cache-control' => 'max-age=0',
  'upgrade-insecure-requests' => '1',
  'user-agent' => 'Mozilla/5.0 (iPhone; CPU iPhone OS 10_3_1 like Mac OS X) AppleWebKit/603.1.30 (KHTML, like Gecko) Version/10.0 Mobile/14E304 Safari/602.1',
  'accept' => 'text/html,application/xhtml+xml,application/xml;q=0.9,image/webp,image/apng,*/*;q=0.8',
  'accept-encoding' => 'gzip, deflate, br',
  'accept-language' => 'zh-CN,zh;q=0.9,en;q=0.8',
  'cookie' => '_ga=GA1.1.1484621407.1519658800; pgv_pvi=2373869568; Hm_lvt_b393d153aeb26b46e9431fabaf0f6190=1520325292; Phpstorm-70f7c4a0=68eb8070-19fb-4557-80cd-742304bfc67d',
)
[ info ] [ PARAM ] array (
)
[ info ] [ VIEW ] /Applications/XAMPP/xamppfiles/htdocs/traveler/application/index/view/index/index.html [ array (
) ]
[ info ] [ LOG ] INIT File
---------------------------------------------------------------
[ 2018-04-03T23:06:30+08:00 ] 0.0.0.0 GET /
[ info ] localhost:7070/ [运行时间：0.018707s][吞吐率：53.46req/s] [内存消耗：1,196.95kb] [文件加载：56]
[ info ] [ LANG ] /Applications/XAMPP/xamppfiles/htdocs/traveler/thinkphp/lang/zh-cn.php
[ info ] [ ROUTE ] array (
)
[ info ] [ HEADER ] array (
  'host' => 'localhost:7070',
  'connection' => 'keep-alive',
  'cache-control' => 'max-age=0',
  'upgrade-insecure-requests' => '1',
  'user-agent' => 'Mozilla/5.0 (iPhone; CPU iPhone OS 10_3_1 like Mac OS X) AppleWebKit/603.1.30 (KHTML, like Gecko) Version/10.0 Mobile/14E304 Safari/602.1',
  'accept' => 'text/html,application/xhtml+xml,application/xml;q=0.9,image/webp,image/apng,*/*;q=0.8',
  'accept-encoding' => 'gzip, deflate, br',
  'accept-language' => 'zh-CN,zh;q=0.9,en;q=0.8',
  'cookie' => '_ga=GA1.1.1484621407.1519658800; pgv_pvi=2373869568; Hm_lvt_b393d153aeb26b46e9431fabaf0f6190=1520325292; Phpstorm-70f7c4a0=68eb8070-19fb-4557-80cd-742304bfc67d',
)
[ info ] [ PARAM ] array (
)
[ info ] [ VIEW ] /Applications/XAMPP/xamppfiles/htdocs/traveler/application/index/view/index/index.html [ array (
) ]
[ info ] [ LOG ] INIT File
---------------------------------------------------------------
[ 2018-04-03T23:06:31+08:00 ] 0.0.0.0 GET /
[ info ] localhost:7070/ [运行时间：0.015360s][吞吐率：65.10req/s] [内存消耗：1,196.95kb] [文件加载：56]
[ info ] [ LANG ] /Applications/XAMPP/xamppfiles/htdocs/traveler/thinkphp/lang/zh-cn.php
[ info ] [ ROUTE ] array (
)
[ info ] [ HEADER ] array (
  'host' => 'localhost:7070',
  'connection' => 'keep-alive',
  'cache-control' => 'max-age=0',
  'upgrade-insecure-requests' => '1',
  'user-agent' => 'Mozilla/5.0 (iPhone; CPU iPhone OS 10_3_1 like Mac OS X) AppleWebKit/603.1.30 (KHTML, like Gecko) Version/10.0 Mobile/14E304 Safari/602.1',
  'accept' => 'text/html,application/xhtml+xml,application/xml;q=0.9,image/webp,image/apng,*/*;q=0.8',
  'accept-encoding' => 'gzip, deflate, br',
  'accept-language' => 'zh-CN,zh;q=0.9,en;q=0.8',
  'cookie' => '_ga=GA1.1.1484621407.1519658800; pgv_pvi=2373869568; Hm_lvt_b393d153aeb26b46e9431fabaf0f6190=1520325292; Phpstorm-70f7c4a0=68eb8070-19fb-4557-80cd-742304bfc67d',
)
[ info ] [ PARAM ] array (
)
[ info ] [ VIEW ] /Applications/XAMPP/xamppfiles/htdocs/traveler/application/index/view/index/index.html [ array (
) ]
[ info ] [ LOG ] INIT File
---------------------------------------------------------------
[ 2018-04-03T23:06:31+08:00 ] 0.0.0.0 GET /
[ info ] localhost:7070/ [运行时间：0.013981s][吞吐率：71.53req/s] [内存消耗：1,196.95kb] [文件加载：56]
[ info ] [ LANG ] /Applications/XAMPP/xamppfiles/htdocs/traveler/thinkphp/lang/zh-cn.php
[ info ] [ ROUTE ] array (
)
[ info ] [ HEADER ] array (
  'host' => 'localhost:7070',
  'connection' => 'keep-alive',
  'cache-control' => 'max-age=0',
  'upgrade-insecure-requests' => '1',
  'user-agent' => 'Mozilla/5.0 (iPhone; CPU iPhone OS 10_3_1 like Mac OS X) AppleWebKit/603.1.30 (KHTML, like Gecko) Version/10.0 Mobile/14E304 Safari/602.1',
  'accept' => 'text/html,application/xhtml+xml,application/xml;q=0.9,image/webp,image/apng,*/*;q=0.8',
  'accept-encoding' => 'gzip, deflate, br',
  'accept-language' => 'zh-CN,zh;q=0.9,en;q=0.8',
  'cookie' => '_ga=GA1.1.1484621407.1519658800; pgv_pvi=2373869568; Hm_lvt_b393d153aeb26b46e9431fabaf0f6190=1520325292; Phpstorm-70f7c4a0=68eb8070-19fb-4557-80cd-742304bfc67d',
)
[ info ] [ PARAM ] array (
)
[ info ] [ VIEW ] /Applications/XAMPP/xamppfiles/htdocs/traveler/application/index/view/index/index.html [ array (
) ]
[ info ] [ LOG ] INIT File
---------------------------------------------------------------
[ 2018-04-03T23:06:35+08:00 ] 0.0.0.0 GET /
[ info ] localhost:7070/ [运行时间：0.016320s][吞吐率：61.27req/s] [内存消耗：1,329.53kb] [文件加载：58]
[ info ] [ LANG ] /Applications/XAMPP/xamppfiles/htdocs/traveler/thinkphp/lang/zh-cn.php
[ info ] [ ROUTE ] array (
)
[ info ] [ HEADER ] array (
  'host' => 'localhost:7070',
  'connection' => 'keep-alive',
  'cache-control' => 'max-age=0',
  'upgrade-insecure-requests' => '1',
  'user-agent' => 'Mozilla/5.0 (iPhone; CPU iPhone OS 10_3_1 like Mac OS X) AppleWebKit/603.1.30 (KHTML, like Gecko) Version/10.0 Mobile/14E304 Safari/602.1',
  'accept' => 'text/html,application/xhtml+xml,application/xml;q=0.9,image/webp,image/apng,*/*;q=0.8',
  'accept-encoding' => 'gzip, deflate, br',
  'accept-language' => 'zh-CN,zh;q=0.9,en;q=0.8',
  'cookie' => '_ga=GA1.1.1484621407.1519658800; pgv_pvi=2373869568; Hm_lvt_b393d153aeb26b46e9431fabaf0f6190=1520325292; Phpstorm-70f7c4a0=68eb8070-19fb-4557-80cd-742304bfc67d',
)
[ info ] [ PARAM ] array (
)
[ info ] [ VIEW ] /Applications/XAMPP/xamppfiles/htdocs/traveler/application/index/view/index/index.html [ array (
) ]
[ info ] [ LOG ] INIT File
---------------------------------------------------------------
[ 2018-04-03T23:06:36+08:00 ] 0.0.0.0 GET /
[ info ] localhost:7070/ [运行时间：0.014310s][吞吐率：69.88req/s] [内存消耗：1,196.95kb] [文件加载：56]
[ info ] [ LANG ] /Applications/XAMPP/xamppfiles/htdocs/traveler/thinkphp/lang/zh-cn.php
[ info ] [ ROUTE ] array (
)
[ info ] [ HEADER ] array (
  'host' => 'localhost:7070',
  'connection' => 'keep-alive',
  'cache-control' => 'max-age=0',
  'upgrade-insecure-requests' => '1',
  'user-agent' => 'Mozilla/5.0 (iPhone; CPU iPhone OS 10_3_1 like Mac OS X) AppleWebKit/603.1.30 (KHTML, like Gecko) Version/10.0 Mobile/14E304 Safari/602.1',
  'accept' => 'text/html,application/xhtml+xml,application/xml;q=0.9,image/webp,image/apng,*/*;q=0.8',
  'accept-encoding' => 'gzip, deflate, br',
  'accept-language' => 'zh-CN,zh;q=0.9,en;q=0.8',
  'cookie' => '_ga=GA1.1.1484621407.1519658800; pgv_pvi=2373869568; Hm_lvt_b393d153aeb26b46e9431fabaf0f6190=1520325292; Phpstorm-70f7c4a0=68eb8070-19fb-4557-80cd-742304bfc67d',
)
[ info ] [ PARAM ] array (
)
[ info ] [ VIEW ] /Applications/XAMPP/xamppfiles/htdocs/traveler/application/index/view/index/index.html [ array (
) ]
[ info ] [ LOG ] INIT File
---------------------------------------------------------------
[ 2018-04-03T23:06:37+08:00 ] 0.0.0.0 GET /
[ info ] localhost:7070/ [运行时间：0.020905s][吞吐率：47.84req/s] [内存消耗：1,329.53kb] [文件加载：58]
[ info ] [ LANG ] /Applications/XAMPP/xamppfiles/htdocs/traveler/thinkphp/lang/zh-cn.php
[ info ] [ ROUTE ] array (
)
[ info ] [ HEADER ] array (
  'host' => 'localhost:7070',
  'connection' => 'keep-alive',
  'cache-control' => 'max-age=0',
  'upgrade-insecure-requests' => '1',
  'user-agent' => 'Mozilla/5.0 (iPhone; CPU iPhone OS 10_3_1 like Mac OS X) AppleWebKit/603.1.30 (KHTML, like Gecko) Version/10.0 Mobile/14E304 Safari/602.1',
  'accept' => 'text/html,application/xhtml+xml,application/xml;q=0.9,image/webp,image/apng,*/*;q=0.8',
  'accept-encoding' => 'gzip, deflate, br',
  'accept-language' => 'zh-CN,zh;q=0.9,en;q=0.8',
  'cookie' => '_ga=GA1.1.1484621407.1519658800; pgv_pvi=2373869568; Hm_lvt_b393d153aeb26b46e9431fabaf0f6190=1520325292; Phpstorm-70f7c4a0=68eb8070-19fb-4557-80cd-742304bfc67d',
)
[ info ] [ PARAM ] array (
)
[ info ] [ VIEW ] /Applications/XAMPP/xamppfiles/htdocs/traveler/application/index/view/index/index.html [ array (
) ]
[ info ] [ LOG ] INIT File
---------------------------------------------------------------
[ 2018-04-03T23:06:38+08:00 ] 0.0.0.0 GET /
[ info ] localhost:7070/ [运行时间：0.015584s][吞吐率：64.17req/s] [内存消耗：1,196.95kb] [文件加载：56]
[ info ] [ LANG ] /Applications/XAMPP/xamppfiles/htdocs/traveler/thinkphp/lang/zh-cn.php
[ info ] [ ROUTE ] array (
)
[ info ] [ HEADER ] array (
  'host' => 'localhost:7070',
  'connection' => 'keep-alive',
  'cache-control' => 'max-age=0',
  'upgrade-insecure-requests' => '1',
  'user-agent' => 'Mozilla/5.0 (iPhone; CPU iPhone OS 10_3_1 like Mac OS X) AppleWebKit/603.1.30 (KHTML, like Gecko) Version/10.0 Mobile/14E304 Safari/602.1',
  'accept' => 'text/html,application/xhtml+xml,application/xml;q=0.9,image/webp,image/apng,*/*;q=0.8',
  'accept-encoding' => 'gzip, deflate, br',
  'accept-language' => 'zh-CN,zh;q=0.9,en;q=0.8',
  'cookie' => '_ga=GA1.1.1484621407.1519658800; pgv_pvi=2373869568; Hm_lvt_b393d153aeb26b46e9431fabaf0f6190=1520325292; Phpstorm-70f7c4a0=68eb8070-19fb-4557-80cd-742304bfc67d',
)
[ info ] [ PARAM ] array (
)
[ info ] [ VIEW ] /Applications/XAMPP/xamppfiles/htdocs/traveler/application/index/view/index/index.html [ array (
) ]
[ info ] [ LOG ] INIT File
---------------------------------------------------------------
[ 2018-04-03T23:06:38+08:00 ] 0.0.0.0 GET /
[ info ] localhost:7070/ [运行时间：0.012598s][吞吐率：79.38req/s] [内存消耗：1,196.95kb] [文件加载：56]
[ info ] [ LANG ] /Applications/XAMPP/xamppfiles/htdocs/traveler/thinkphp/lang/zh-cn.php
[ info ] [ ROUTE ] array (
)
[ info ] [ HEADER ] array (
  'host' => 'localhost:7070',
  'connection' => 'keep-alive',
  'cache-control' => 'max-age=0',
  'upgrade-insecure-requests' => '1',
  'user-agent' => 'Mozilla/5.0 (iPhone; CPU iPhone OS 10_3_1 like Mac OS X) AppleWebKit/603.1.30 (KHTML, like Gecko) Version/10.0 Mobile/14E304 Safari/602.1',
  'accept' => 'text/html,application/xhtml+xml,application/xml;q=0.9,image/webp,image/apng,*/*;q=0.8',
  'accept-encoding' => 'gzip, deflate, br',
  'accept-language' => 'zh-CN,zh;q=0.9,en;q=0.8',
  'cookie' => '_ga=GA1.1.1484621407.1519658800; pgv_pvi=2373869568; Hm_lvt_b393d153aeb26b46e9431fabaf0f6190=1520325292; Phpstorm-70f7c4a0=68eb8070-19fb-4557-80cd-742304bfc67d',
)
[ info ] [ PARAM ] array (
)
[ info ] [ VIEW ] /Applications/XAMPP/xamppfiles/htdocs/traveler/application/index/view/index/index.html [ array (
) ]
[ info ] [ LOG ] INIT File
---------------------------------------------------------------
[ 2018-04-03T23:06:39+08:00 ] 0.0.0.0 GET /
[ info ] localhost:7070/ [运行时间：0.013714s][吞吐率：72.92req/s] [内存消耗：1,196.95kb] [文件加载：56]
[ info ] [ LANG ] /Applications/XAMPP/xamppfiles/htdocs/traveler/thinkphp/lang/zh-cn.php
[ info ] [ ROUTE ] array (
)
[ info ] [ HEADER ] array (
  'host' => 'localhost:7070',
  'connection' => 'keep-alive',
  'cache-control' => 'max-age=0',
  'upgrade-insecure-requests' => '1',
  'user-agent' => 'Mozilla/5.0 (iPhone; CPU iPhone OS 10_3_1 like Mac OS X) AppleWebKit/603.1.30 (KHTML, like Gecko) Version/10.0 Mobile/14E304 Safari/602.1',
  'accept' => 'text/html,application/xhtml+xml,application/xml;q=0.9,image/webp,image/apng,*/*;q=0.8',
  'accept-encoding' => 'gzip, deflate, br',
  'accept-language' => 'zh-CN,zh;q=0.9,en;q=0.8',
  'cookie' => '_ga=GA1.1.1484621407.1519658800; pgv_pvi=2373869568; Hm_lvt_b393d153aeb26b46e9431fabaf0f6190=1520325292; Phpstorm-70f7c4a0=68eb8070-19fb-4557-80cd-742304bfc67d',
)
[ info ] [ PARAM ] array (
)
[ info ] [ VIEW ] /Applications/XAMPP/xamppfiles/htdocs/traveler/application/index/view/index/index.html [ array (
) ]
[ info ] [ LOG ] INIT File
---------------------------------------------------------------
[ 2018-04-03T23:06:39+08:00 ] 0.0.0.0 GET /
[ info ] localhost:7070/ [运行时间：0.015291s][吞吐率：65.40req/s] [内存消耗：1,196.95kb] [文件加载：56]
[ info ] [ LANG ] /Applications/XAMPP/xamppfiles/htdocs/traveler/thinkphp/lang/zh-cn.php
[ info ] [ ROUTE ] array (
)
[ info ] [ HEADER ] array (
  'host' => 'localhost:7070',
  'connection' => 'keep-alive',
  'cache-control' => 'max-age=0',
  'upgrade-insecure-requests' => '1',
  'user-agent' => 'Mozilla/5.0 (iPhone; CPU iPhone OS 10_3_1 like Mac OS X) AppleWebKit/603.1.30 (KHTML, like Gecko) Version/10.0 Mobile/14E304 Safari/602.1',
  'accept' => 'text/html,application/xhtml+xml,application/xml;q=0.9,image/webp,image/apng,*/*;q=0.8',
  'accept-encoding' => 'gzip, deflate, br',
  'accept-language' => 'zh-CN,zh;q=0.9,en;q=0.8',
  'cookie' => '_ga=GA1.1.1484621407.1519658800; pgv_pvi=2373869568; Hm_lvt_b393d153aeb26b46e9431fabaf0f6190=1520325292; Phpstorm-70f7c4a0=68eb8070-19fb-4557-80cd-742304bfc67d',
)
[ info ] [ PARAM ] array (
)
[ info ] [ VIEW ] /Applications/XAMPP/xamppfiles/htdocs/traveler/application/index/view/index/index.html [ array (
) ]
[ info ] [ LOG ] INIT File
---------------------------------------------------------------
[ 2018-04-03T23:06:39+08:00 ] 0.0.0.0 GET /
[ info ] localhost:7070/ [运行时间：0.013877s][吞吐率：72.06req/s] [内存消耗：1,196.95kb] [文件加载：56]
[ info ] [ LANG ] /Applications/XAMPP/xamppfiles/htdocs/traveler/thinkphp/lang/zh-cn.php
[ info ] [ ROUTE ] array (
)
[ info ] [ HEADER ] array (
  'host' => 'localhost:7070',
  'connection' => 'keep-alive',
  'cache-control' => 'max-age=0',
  'upgrade-insecure-requests' => '1',
  'user-agent' => 'Mozilla/5.0 (iPhone; CPU iPhone OS 10_3_1 like Mac OS X) AppleWebKit/603.1.30 (KHTML, like Gecko) Version/10.0 Mobile/14E304 Safari/602.1',
  'accept' => 'text/html,application/xhtml+xml,application/xml;q=0.9,image/webp,image/apng,*/*;q=0.8',
  'accept-encoding' => 'gzip, deflate, br',
  'accept-language' => 'zh-CN,zh;q=0.9,en;q=0.8',
  'cookie' => '_ga=GA1.1.1484621407.1519658800; pgv_pvi=2373869568; Hm_lvt_b393d153aeb26b46e9431fabaf0f6190=1520325292; Phpstorm-70f7c4a0=68eb8070-19fb-4557-80cd-742304bfc67d',
)
[ info ] [ PARAM ] array (
)
[ info ] [ VIEW ] /Applications/XAMPP/xamppfiles/htdocs/traveler/application/index/view/index/index.html [ array (
) ]
[ info ] [ LOG ] INIT File
---------------------------------------------------------------
[ 2018-04-03T23:06:40+08:00 ] 0.0.0.0 GET /
[ info ] localhost:7070/ [运行时间：0.015034s][吞吐率：66.52req/s] [内存消耗：1,196.95kb] [文件加载：56]
[ info ] [ LANG ] /Applications/XAMPP/xamppfiles/htdocs/traveler/thinkphp/lang/zh-cn.php
[ info ] [ ROUTE ] array (
)
[ info ] [ HEADER ] array (
  'host' => 'localhost:7070',
  'connection' => 'keep-alive',
  'cache-control' => 'max-age=0',
  'upgrade-insecure-requests' => '1',
  'user-agent' => 'Mozilla/5.0 (iPhone; CPU iPhone OS 10_3_1 like Mac OS X) AppleWebKit/603.1.30 (KHTML, like Gecko) Version/10.0 Mobile/14E304 Safari/602.1',
  'accept' => 'text/html,application/xhtml+xml,application/xml;q=0.9,image/webp,image/apng,*/*;q=0.8',
  'accept-encoding' => 'gzip, deflate, br',
  'accept-language' => 'zh-CN,zh;q=0.9,en;q=0.8',
  'cookie' => '_ga=GA1.1.1484621407.1519658800; pgv_pvi=2373869568; Hm_lvt_b393d153aeb26b46e9431fabaf0f6190=1520325292; Phpstorm-70f7c4a0=68eb8070-19fb-4557-80cd-742304bfc67d',
)
[ info ] [ PARAM ] array (
)
[ info ] [ VIEW ] /Applications/XAMPP/xamppfiles/htdocs/traveler/application/index/view/index/index.html [ array (
) ]
[ info ] [ LOG ] INIT File
---------------------------------------------------------------
[ 2018-04-03T23:06:41+08:00 ] 0.0.0.0 GET /
[ info ] localhost:7070/ [运行时间：0.015341s][吞吐率：65.18req/s] [内存消耗：1,196.95kb] [文件加载：56]
[ info ] [ LANG ] /Applications/XAMPP/xamppfiles/htdocs/traveler/thinkphp/lang/zh-cn.php
[ info ] [ ROUTE ] array (
)
[ info ] [ HEADER ] array (
  'host' => 'localhost:7070',
  'connection' => 'keep-alive',
  'cache-control' => 'max-age=0',
  'upgrade-insecure-requests' => '1',
  'user-agent' => 'Mozilla/5.0 (iPhone; CPU iPhone OS 10_3_1 like Mac OS X) AppleWebKit/603.1.30 (KHTML, like Gecko) Version/10.0 Mobile/14E304 Safari/602.1',
  'accept' => 'text/html,application/xhtml+xml,application/xml;q=0.9,image/webp,image/apng,*/*;q=0.8',
  'accept-encoding' => 'gzip, deflate, br',
  'accept-language' => 'zh-CN,zh;q=0.9,en;q=0.8',
  'cookie' => '_ga=GA1.1.1484621407.1519658800; pgv_pvi=2373869568; Hm_lvt_b393d153aeb26b46e9431fabaf0f6190=1520325292; Phpstorm-70f7c4a0=68eb8070-19fb-4557-80cd-742304bfc67d',
)
[ info ] [ PARAM ] array (
)
[ info ] [ VIEW ] /Applications/XAMPP/xamppfiles/htdocs/traveler/application/index/view/index/index.html [ array (
) ]
[ info ] [ LOG ] INIT File
---------------------------------------------------------------
[ 2018-04-03T23:06:41+08:00 ] 0.0.0.0 GET /
[ info ] localhost:7070/ [运行时间：0.018528s][吞吐率：53.97req/s] [内存消耗：1,196.95kb] [文件加载：56]
[ info ] [ LANG ] /Applications/XAMPP/xamppfiles/htdocs/traveler/thinkphp/lang/zh-cn.php
[ info ] [ ROUTE ] array (
)
[ info ] [ HEADER ] array (
  'host' => 'localhost:7070',
  'connection' => 'keep-alive',
  'cache-control' => 'max-age=0',
  'upgrade-insecure-requests' => '1',
  'user-agent' => 'Mozilla/5.0 (iPhone; CPU iPhone OS 10_3_1 like Mac OS X) AppleWebKit/603.1.30 (KHTML, like Gecko) Version/10.0 Mobile/14E304 Safari/602.1',
  'accept' => 'text/html,application/xhtml+xml,application/xml;q=0.9,image/webp,image/apng,*/*;q=0.8',
  'accept-encoding' => 'gzip, deflate, br',
  'accept-language' => 'zh-CN,zh;q=0.9,en;q=0.8',
  'cookie' => '_ga=GA1.1.1484621407.1519658800; pgv_pvi=2373869568; Hm_lvt_b393d153aeb26b46e9431fabaf0f6190=1520325292; Phpstorm-70f7c4a0=68eb8070-19fb-4557-80cd-742304bfc67d',
)
[ info ] [ PARAM ] array (
)
[ info ] [ VIEW ] /Applications/XAMPP/xamppfiles/htdocs/traveler/application/index/view/index/index.html [ array (
) ]
[ info ] [ LOG ] INIT File
---------------------------------------------------------------
[ 2018-04-03T23:06:42+08:00 ] 0.0.0.0 GET /
[ info ] localhost:7070/ [运行时间：0.013537s][吞吐率：73.87req/s] [内存消耗：1,196.95kb] [文件加载：56]
[ info ] [ LANG ] /Applications/XAMPP/xamppfiles/htdocs/traveler/thinkphp/lang/zh-cn.php
[ info ] [ ROUTE ] array (
)
[ info ] [ HEADER ] array (
  'host' => 'localhost:7070',
  'connection' => 'keep-alive',
  'cache-control' => 'max-age=0',
  'upgrade-insecure-requests' => '1',
  'user-agent' => 'Mozilla/5.0 (iPhone; CPU iPhone OS 10_3_1 like Mac OS X) AppleWebKit/603.1.30 (KHTML, like Gecko) Version/10.0 Mobile/14E304 Safari/602.1',
  'accept' => 'text/html,application/xhtml+xml,application/xml;q=0.9,image/webp,image/apng,*/*;q=0.8',
  'accept-encoding' => 'gzip, deflate, br',
  'accept-language' => 'zh-CN,zh;q=0.9,en;q=0.8',
  'cookie' => '_ga=GA1.1.1484621407.1519658800; pgv_pvi=2373869568; Hm_lvt_b393d153aeb26b46e9431fabaf0f6190=1520325292; Phpstorm-70f7c4a0=68eb8070-19fb-4557-80cd-742304bfc67d',
)
[ info ] [ PARAM ] array (
)
[ info ] [ VIEW ] /Applications/XAMPP/xamppfiles/htdocs/traveler/application/index/view/index/index.html [ array (
) ]
[ info ] [ LOG ] INIT File
---------------------------------------------------------------
[ 2018-04-03T23:06:44+08:00 ] 0.0.0.0 GET /
[ info ] localhost:7070/ [运行时间：0.016589s][吞吐率：60.28req/s] [内存消耗：1,329.53kb] [文件加载：58]
[ info ] [ LANG ] /Applications/XAMPP/xamppfiles/htdocs/traveler/thinkphp/lang/zh-cn.php
[ info ] [ ROUTE ] array (
)
[ info ] [ HEADER ] array (
  'host' => 'localhost:7070',
  'connection' => 'keep-alive',
  'cache-control' => 'max-age=0',
  'upgrade-insecure-requests' => '1',
  'user-agent' => 'Mozilla/5.0 (iPhone; CPU iPhone OS 10_3_1 like Mac OS X) AppleWebKit/603.1.30 (KHTML, like Gecko) Version/10.0 Mobile/14E304 Safari/602.1',
  'accept' => 'text/html,application/xhtml+xml,application/xml;q=0.9,image/webp,image/apng,*/*;q=0.8',
  'accept-encoding' => 'gzip, deflate, br',
  'accept-language' => 'zh-CN,zh;q=0.9,en;q=0.8',
  'cookie' => '_ga=GA1.1.1484621407.1519658800; pgv_pvi=2373869568; Hm_lvt_b393d153aeb26b46e9431fabaf0f6190=1520325292; Phpstorm-70f7c4a0=68eb8070-19fb-4557-80cd-742304bfc67d',
)
[ info ] [ PARAM ] array (
)
[ info ] [ VIEW ] /Applications/XAMPP/xamppfiles/htdocs/traveler/application/index/view/index/index.html [ array (
) ]
[ info ] [ LOG ] INIT File
---------------------------------------------------------------
[ 2018-04-03T23:07:18+08:00 ] 0.0.0.0 GET /
[ info ] localhost:7070/ [运行时间：0.147500s][吞吐率：6.78req/s] [内存消耗：1,331.03kb] [文件加载：58]
[ info ] [ LANG ] /Applications/XAMPP/xamppfiles/htdocs/traveler/thinkphp/lang/zh-cn.php
[ info ] [ ROUTE ] array (
)
[ info ] [ HEADER ] array (
  'host' => 'localhost:7070',
  'connection' => 'keep-alive',
  'cache-control' => 'max-age=0',
  'upgrade-insecure-requests' => '1',
  'user-agent' => 'Mozilla/5.0 (iPhone; CPU iPhone OS 10_3_1 like Mac OS X) AppleWebKit/603.1.30 (KHTML, like Gecko) Version/10.0 Mobile/14E304 Safari/602.1',
  'accept' => 'text/html,application/xhtml+xml,application/xml;q=0.9,image/webp,image/apng,*/*;q=0.8',
  'accept-encoding' => 'gzip, deflate, br',
  'accept-language' => 'zh-CN,zh;q=0.9,en;q=0.8',
  'cookie' => '_ga=GA1.1.1484621407.1519658800; pgv_pvi=2373869568; Hm_lvt_b393d153aeb26b46e9431fabaf0f6190=1520325292; Phpstorm-70f7c4a0=68eb8070-19fb-4557-80cd-742304bfc67d',
)
[ info ] [ PARAM ] array (
)
[ info ] [ VIEW ] /Applications/XAMPP/xamppfiles/htdocs/traveler/application/index/view/index/index.html [ array (
) ]
[ info ] [ LOG ] INIT File
---------------------------------------------------------------
[ 2018-04-03T23:07:37+08:00 ] 0.0.0.0 GET /
[ info ] localhost:7070/ [运行时间：0.155556s][吞吐率：6.43req/s] [内存消耗：1,331.03kb] [文件加载：58]
[ info ] [ LANG ] /Applications/XAMPP/xamppfiles/htdocs/traveler/thinkphp/lang/zh-cn.php
[ info ] [ ROUTE ] array (
)
[ info ] [ HEADER ] array (
  'host' => 'localhost:7070',
  'connection' => 'keep-alive',
  'cache-control' => 'max-age=0',
  'upgrade-insecure-requests' => '1',
  'user-agent' => 'Mozilla/5.0 (iPhone; CPU iPhone OS 10_3_1 like Mac OS X) AppleWebKit/603.1.30 (KHTML, like Gecko) Version/10.0 Mobile/14E304 Safari/602.1',
  'accept' => 'text/html,application/xhtml+xml,application/xml;q=0.9,image/webp,image/apng,*/*;q=0.8',
  'accept-encoding' => 'gzip, deflate, br',
  'accept-language' => 'zh-CN,zh;q=0.9,en;q=0.8',
  'cookie' => '_ga=GA1.1.1484621407.1519658800; pgv_pvi=2373869568; Hm_lvt_b393d153aeb26b46e9431fabaf0f6190=1520325292; Phpstorm-70f7c4a0=68eb8070-19fb-4557-80cd-742304bfc67d',
)
[ info ] [ PARAM ] array (
)
[ info ] [ VIEW ] /Applications/XAMPP/xamppfiles/htdocs/traveler/application/index/view/index/index.html [ array (
) ]
[ info ] [ LOG ] INIT File
---------------------------------------------------------------
[ 2018-04-03T23:07:42+08:00 ] 0.0.0.0 GET /
[ info ] localhost:7070/ [运行时间：0.020405s][吞吐率：49.01req/s] [内存消耗：1,331.03kb] [文件加载：58]
[ info ] [ LANG ] /Applications/XAMPP/xamppfiles/htdocs/traveler/thinkphp/lang/zh-cn.php
[ info ] [ ROUTE ] array (
)
[ info ] [ HEADER ] array (
  'host' => 'localhost:7070',
  'connection' => 'keep-alive',
  'cache-control' => 'max-age=0',
  'upgrade-insecure-requests' => '1',
  'user-agent' => 'Mozilla/5.0 (iPhone; CPU iPhone OS 10_3_1 like Mac OS X) AppleWebKit/603.1.30 (KHTML, like Gecko) Version/10.0 Mobile/14E304 Safari/602.1',
  'accept' => 'text/html,application/xhtml+xml,application/xml;q=0.9,image/webp,image/apng,*/*;q=0.8',
  'accept-encoding' => 'gzip, deflate, br',
  'accept-language' => 'zh-CN,zh;q=0.9,en;q=0.8',
  'cookie' => '_ga=GA1.1.1484621407.1519658800; pgv_pvi=2373869568; Hm_lvt_b393d153aeb26b46e9431fabaf0f6190=1520325292; Phpstorm-70f7c4a0=68eb8070-19fb-4557-80cd-742304bfc67d',
)
[ info ] [ PARAM ] array (
)
[ info ] [ VIEW ] /Applications/XAMPP/xamppfiles/htdocs/traveler/application/index/view/index/index.html [ array (
) ]
[ info ] [ LOG ] INIT File
---------------------------------------------------------------
[ 2018-04-03T23:07:54+08:00 ] 0.0.0.0 GET /
[ info ] localhost:7070/ [运行时间：0.016594s][吞吐率：60.26req/s] [内存消耗：1,331.03kb] [文件加载：58]
[ info ] [ LANG ] /Applications/XAMPP/xamppfiles/htdocs/traveler/thinkphp/lang/zh-cn.php
[ info ] [ ROUTE ] array (
)
[ info ] [ HEADER ] array (
  'host' => 'localhost:7070',
  'connection' => 'keep-alive',
  'cache-control' => 'max-age=0',
  'upgrade-insecure-requests' => '1',
  'user-agent' => 'Mozilla/5.0 (iPhone; CPU iPhone OS 10_3_1 like Mac OS X) AppleWebKit/603.1.30 (KHTML, like Gecko) Version/10.0 Mobile/14E304 Safari/602.1',
  'accept' => 'text/html,application/xhtml+xml,application/xml;q=0.9,image/webp,image/apng,*/*;q=0.8',
  'accept-encoding' => 'gzip, deflate, br',
  'accept-language' => 'zh-CN,zh;q=0.9,en;q=0.8',
  'cookie' => '_ga=GA1.1.1484621407.1519658800; pgv_pvi=2373869568; Hm_lvt_b393d153aeb26b46e9431fabaf0f6190=1520325292; Phpstorm-70f7c4a0=68eb8070-19fb-4557-80cd-742304bfc67d',
)
[ info ] [ PARAM ] array (
)
[ info ] [ VIEW ] /Applications/XAMPP/xamppfiles/htdocs/traveler/application/index/view/index/index.html [ array (
) ]
[ info ] [ LOG ] INIT File
---------------------------------------------------------------
[ 2018-04-03T23:07:57+08:00 ] 0.0.0.0 GET /
[ info ] localhost:7070/ [运行时间：0.039872s][吞吐率：25.08req/s] [内存消耗：1,331.03kb] [文件加载：58]
[ info ] [ LANG ] /Applications/XAMPP/xamppfiles/htdocs/traveler/thinkphp/lang/zh-cn.php
[ info ] [ ROUTE ] array (
)
[ info ] [ HEADER ] array (
  'host' => 'localhost:7070',
  'connection' => 'keep-alive',
  'cache-control' => 'max-age=0',
  'upgrade-insecure-requests' => '1',
  'user-agent' => 'Mozilla/5.0 (iPhone; CPU iPhone OS 10_3_1 like Mac OS X) AppleWebKit/603.1.30 (KHTML, like Gecko) Version/10.0 Mobile/14E304 Safari/602.1',
  'accept' => 'text/html,application/xhtml+xml,application/xml;q=0.9,image/webp,image/apng,*/*;q=0.8',
  'accept-encoding' => 'gzip, deflate, br',
  'accept-language' => 'zh-CN,zh;q=0.9,en;q=0.8',
  'cookie' => '_ga=GA1.1.1484621407.1519658800; pgv_pvi=2373869568; Hm_lvt_b393d153aeb26b46e9431fabaf0f6190=1520325292; Phpstorm-70f7c4a0=68eb8070-19fb-4557-80cd-742304bfc67d',
)
[ info ] [ PARAM ] array (
)
[ info ] [ VIEW ] /Applications/XAMPP/xamppfiles/htdocs/traveler/application/index/view/index/index.html [ array (
) ]
[ info ] [ LOG ] INIT File
---------------------------------------------------------------
[ 2018-04-03T23:11:11+08:00 ] 0.0.0.0 GET /
[ info ] localhost:7070/ [运行时间：0.165307s][吞吐率：6.05req/s] [内存消耗：1,197.45kb] [文件加载：56]
[ info ] [ LANG ] /Applications/XAMPP/xamppfiles/htdocs/traveler/thinkphp/lang/zh-cn.php
[ info ] [ ROUTE ] array (
)
[ info ] [ HEADER ] array (
  'host' => 'localhost:7070',
  'connection' => 'keep-alive',
  'cache-control' => 'max-age=0',
  'upgrade-insecure-requests' => '1',
  'user-agent' => 'Mozilla/5.0 (iPhone; CPU iPhone OS 10_3_1 like Mac OS X) AppleWebKit/603.1.30 (KHTML, like Gecko) Version/10.0 Mobile/14E304 Safari/602.1',
  'accept' => 'text/html,application/xhtml+xml,application/xml;q=0.9,image/webp,image/apng,*/*;q=0.8',
  'accept-encoding' => 'gzip, deflate, br',
  'accept-language' => 'zh-CN,zh;q=0.9,en;q=0.8',
  'cookie' => '_ga=GA1.1.1484621407.1519658800; pgv_pvi=2373869568; Hm_lvt_b393d153aeb26b46e9431fabaf0f6190=1520325292; Phpstorm-70f7c4a0=68eb8070-19fb-4557-80cd-742304bfc67d',
)
[ info ] [ PARAM ] array (
)
[ info ] [ VIEW ] /Applications/XAMPP/xamppfiles/htdocs/traveler/application/index/view/index/index.html [ array (
) ]
[ info ] [ LOG ] INIT File
---------------------------------------------------------------
[ 2018-04-03T23:11:50+08:00 ] 0.0.0.0 GET /
[ info ] localhost:7070/ [运行时间：0.090588s][吞吐率：11.04req/s] [内存消耗：1,197.45kb] [文件加载：56]
[ info ] [ LANG ] /Applications/XAMPP/xamppfiles/htdocs/traveler/thinkphp/lang/zh-cn.php
[ info ] [ ROUTE ] array (
)
[ info ] [ HEADER ] array (
  'host' => 'localhost:7070',
  'connection' => 'keep-alive',
  'cache-control' => 'max-age=0',
  'upgrade-insecure-requests' => '1',
  'user-agent' => 'Mozilla/5.0 (iPhone; CPU iPhone OS 10_3_1 like Mac OS X) AppleWebKit/603.1.30 (KHTML, like Gecko) Version/10.0 Mobile/14E304 Safari/602.1',
  'accept' => 'text/html,application/xhtml+xml,application/xml;q=0.9,image/webp,image/apng,*/*;q=0.8',
  'accept-encoding' => 'gzip, deflate, br',
  'accept-language' => 'zh-CN,zh;q=0.9,en;q=0.8',
  'cookie' => '_ga=GA1.1.1484621407.1519658800; pgv_pvi=2373869568; Hm_lvt_b393d153aeb26b46e9431fabaf0f6190=1520325292; Phpstorm-70f7c4a0=68eb8070-19fb-4557-80cd-742304bfc67d',
)
[ info ] [ PARAM ] array (
)
[ info ] [ VIEW ] /Applications/XAMPP/xamppfiles/htdocs/traveler/application/index/view/index/index.html [ array (
) ]
[ info ] [ LOG ] INIT File
---------------------------------------------------------------
[ 2018-04-03T23:11:51+08:00 ] 0.0.0.0 GET /
[ info ] localhost:7070/ [运行时间：0.015854s][吞吐率：63.08req/s] [内存消耗：1,197.45kb] [文件加载：56]
[ info ] [ LANG ] /Applications/XAMPP/xamppfiles/htdocs/traveler/thinkphp/lang/zh-cn.php
[ info ] [ ROUTE ] array (
)
[ info ] [ HEADER ] array (
  'host' => 'localhost:7070',
  'connection' => 'keep-alive',
  'cache-control' => 'max-age=0',
  'upgrade-insecure-requests' => '1',
  'user-agent' => 'Mozilla/5.0 (iPhone; CPU iPhone OS 10_3_1 like Mac OS X) AppleWebKit/603.1.30 (KHTML, like Gecko) Version/10.0 Mobile/14E304 Safari/602.1',
  'accept' => 'text/html,application/xhtml+xml,application/xml;q=0.9,image/webp,image/apng,*/*;q=0.8',
  'accept-encoding' => 'gzip, deflate, br',
  'accept-language' => 'zh-CN,zh;q=0.9,en;q=0.8',
  'cookie' => '_ga=GA1.1.1484621407.1519658800; pgv_pvi=2373869568; Hm_lvt_b393d153aeb26b46e9431fabaf0f6190=1520325292; Phpstorm-70f7c4a0=68eb8070-19fb-4557-80cd-742304bfc67d',
)
[ info ] [ PARAM ] array (
)
[ info ] [ VIEW ] /Applications/XAMPP/xamppfiles/htdocs/traveler/application/index/view/index/index.html [ array (
) ]
[ info ] [ LOG ] INIT File
---------------------------------------------------------------
[ 2018-04-03T23:11:52+08:00 ] 0.0.0.0 GET /
[ info ] localhost:7070/ [运行时间：0.023005s][吞吐率：43.47req/s] [内存消耗：1,197.45kb] [文件加载：56]
[ info ] [ LANG ] /Applications/XAMPP/xamppfiles/htdocs/traveler/thinkphp/lang/zh-cn.php
[ info ] [ ROUTE ] array (
)
[ info ] [ HEADER ] array (
  'host' => 'localhost:7070',
  'connection' => 'keep-alive',
  'cache-control' => 'max-age=0',
  'upgrade-insecure-requests' => '1',
  'user-agent' => 'Mozilla/5.0 (iPhone; CPU iPhone OS 10_3_1 like Mac OS X) AppleWebKit/603.1.30 (KHTML, like Gecko) Version/10.0 Mobile/14E304 Safari/602.1',
  'accept' => 'text/html,application/xhtml+xml,application/xml;q=0.9,image/webp,image/apng,*/*;q=0.8',
  'accept-encoding' => 'gzip, deflate, br',
  'accept-language' => 'zh-CN,zh;q=0.9,en;q=0.8',
  'cookie' => '_ga=GA1.1.1484621407.1519658800; pgv_pvi=2373869568; Hm_lvt_b393d153aeb26b46e9431fabaf0f6190=1520325292; Phpstorm-70f7c4a0=68eb8070-19fb-4557-80cd-742304bfc67d',
)
[ info ] [ PARAM ] array (
)
[ info ] [ VIEW ] /Applications/XAMPP/xamppfiles/htdocs/traveler/application/index/view/index/index.html [ array (
) ]
[ info ] [ LOG ] INIT File
---------------------------------------------------------------
[ 2018-04-03T23:12:32+08:00 ] 0.0.0.0 GET /
[ info ] localhost:7070/ [运行时间：0.132214s][吞吐率：7.56req/s] [内存消耗：1,197.45kb] [文件加载：56]
[ info ] [ LANG ] /Applications/XAMPP/xamppfiles/htdocs/traveler/thinkphp/lang/zh-cn.php
[ info ] [ ROUTE ] array (
)
[ info ] [ HEADER ] array (
  'host' => 'localhost:7070',
  'connection' => 'keep-alive',
  'cache-control' => 'max-age=0',
  'upgrade-insecure-requests' => '1',
  'user-agent' => 'Mozilla/5.0 (iPhone; CPU iPhone OS 10_3_1 like Mac OS X) AppleWebKit/603.1.30 (KHTML, like Gecko) Version/10.0 Mobile/14E304 Safari/602.1',
  'accept' => 'text/html,application/xhtml+xml,application/xml;q=0.9,image/webp,image/apng,*/*;q=0.8',
  'accept-encoding' => 'gzip, deflate, br',
  'accept-language' => 'zh-CN,zh;q=0.9,en;q=0.8',
  'cookie' => '_ga=GA1.1.1484621407.1519658800; pgv_pvi=2373869568; Hm_lvt_b393d153aeb26b46e9431fabaf0f6190=1520325292; Phpstorm-70f7c4a0=68eb8070-19fb-4557-80cd-742304bfc67d',
)
[ info ] [ PARAM ] array (
)
[ info ] [ VIEW ] /Applications/XAMPP/xamppfiles/htdocs/traveler/application/index/view/index/index.html [ array (
) ]
[ info ] [ LOG ] INIT File
---------------------------------------------------------------
[ 2018-04-03T23:12:33+08:00 ] 0.0.0.0 GET /
[ info ] localhost:7070/ [运行时间：0.016029s][吞吐率：62.39req/s] [内存消耗：1,197.45kb] [文件加载：56]
[ info ] [ LANG ] /Applications/XAMPP/xamppfiles/htdocs/traveler/thinkphp/lang/zh-cn.php
[ info ] [ ROUTE ] array (
)
[ info ] [ HEADER ] array (
  'host' => 'localhost:7070',
  'connection' => 'keep-alive',
  'cache-control' => 'max-age=0',
  'upgrade-insecure-requests' => '1',
  'user-agent' => 'Mozilla/5.0 (iPhone; CPU iPhone OS 10_3_1 like Mac OS X) AppleWebKit/603.1.30 (KHTML, like Gecko) Version/10.0 Mobile/14E304 Safari/602.1',
  'accept' => 'text/html,application/xhtml+xml,application/xml;q=0.9,image/webp,image/apng,*/*;q=0.8',
  'accept-encoding' => 'gzip, deflate, br',
  'accept-language' => 'zh-CN,zh;q=0.9,en;q=0.8',
  'cookie' => '_ga=GA1.1.1484621407.1519658800; pgv_pvi=2373869568; Hm_lvt_b393d153aeb26b46e9431fabaf0f6190=1520325292; Phpstorm-70f7c4a0=68eb8070-19fb-4557-80cd-742304bfc67d',
)
[ info ] [ PARAM ] array (
)
[ info ] [ VIEW ] /Applications/XAMPP/xamppfiles/htdocs/traveler/application/index/view/index/index.html [ array (
) ]
[ info ] [ LOG ] INIT File
---------------------------------------------------------------
[ 2018-04-03T23:27:32+08:00 ] 0.0.0.0 GET /
[ info ] localhost:7070/ [运行时间：0.144152s][吞吐率：6.94req/s] [内存消耗：1,197.45kb] [文件加载：56]
[ info ] [ LANG ] /Applications/XAMPP/xamppfiles/htdocs/traveler/thinkphp/lang/zh-cn.php
[ info ] [ ROUTE ] array (
)
[ info ] [ HEADER ] array (
  'host' => 'localhost:7070',
  'connection' => 'keep-alive',
  'cache-control' => 'max-age=0',
  'upgrade-insecure-requests' => '1',
  'user-agent' => 'Mozilla/5.0 (iPhone; CPU iPhone OS 10_3_1 like Mac OS X) AppleWebKit/603.1.30 (KHTML, like Gecko) Version/10.0 Mobile/14E304 Safari/602.1',
  'accept' => 'text/html,application/xhtml+xml,application/xml;q=0.9,image/webp,image/apng,*/*;q=0.8',
  'accept-encoding' => 'gzip, deflate, br',
  'accept-language' => 'zh-CN,zh;q=0.9,en;q=0.8',
  'cookie' => '_ga=GA1.1.1484621407.1519658800; pgv_pvi=2373869568; Hm_lvt_b393d153aeb26b46e9431fabaf0f6190=1520325292; Phpstorm-70f7c4a0=68eb8070-19fb-4557-80cd-742304bfc67d',
)
[ info ] [ PARAM ] array (
)
[ info ] [ VIEW ] /Applications/XAMPP/xamppfiles/htdocs/traveler/application/index/view/index/index.html [ array (
) ]
[ info ] [ LOG ] INIT File
---------------------------------------------------------------
[ 2018-04-03T23:27:32+08:00 ] 0.0.0.0 GET /
[ info ] localhost:7070/ [运行时间：0.034498s][吞吐率：28.99req/s] [内存消耗：1,197.45kb] [文件加载：56]
[ info ] [ LANG ] /Applications/XAMPP/xamppfiles/htdocs/traveler/thinkphp/lang/zh-cn.php
[ info ] [ ROUTE ] array (
)
[ info ] [ HEADER ] array (
  'host' => 'localhost:7070',
  'connection' => 'keep-alive',
  'cache-control' => 'max-age=0',
  'upgrade-insecure-requests' => '1',
  'user-agent' => 'Mozilla/5.0 (iPhone; CPU iPhone OS 10_3_1 like Mac OS X) AppleWebKit/603.1.30 (KHTML, like Gecko) Version/10.0 Mobile/14E304 Safari/602.1',
  'accept' => 'text/html,application/xhtml+xml,application/xml;q=0.9,image/webp,image/apng,*/*;q=0.8',
  'accept-encoding' => 'gzip, deflate, br',
  'accept-language' => 'zh-CN,zh;q=0.9,en;q=0.8',
  'cookie' => '_ga=GA1.1.1484621407.1519658800; pgv_pvi=2373869568; Hm_lvt_b393d153aeb26b46e9431fabaf0f6190=1520325292; Phpstorm-70f7c4a0=68eb8070-19fb-4557-80cd-742304bfc67d',
)
[ info ] [ PARAM ] array (
)
[ info ] [ VIEW ] /Applications/XAMPP/xamppfiles/htdocs/traveler/application/index/view/index/index.html [ array (
) ]
[ info ] [ LOG ] INIT File
