[Fri Mar 30 15:44:17 2018] ::1:50080 [200]: /
[Fri Mar 30 15:44:17 2018] ::1:50081 [200]: /favicon.ico
[Fri Mar 30 15:47:23 2018] ::1:50106 [500]: /
[Fri Mar 30 15:47:36 2018] ::1:50107 Invalid request (Unexpected EOF)
[Fri Mar 30 15:47:36 2018] ::1:50108 Invalid request (Unexpected EOF)
[Fri Mar 30 15:47:36 2018] ::1:50109 Invalid request (Unexpected EOF)
[Fri Mar 30 15:47:55 2018] ::1:50119 [500]: /
[Fri Mar 30 15:47:55 2018] ::1:50120 [200]: /favicon.ico
[Fri Mar 30 15:48:06 2018] ::1:50121 Invalid request (Unexpected EOF)
[Fri Mar 30 15:48:20 2018] ::1:50134 [500]: /
[Fri Mar 30 15:48:21 2018] ::1:50135 [200]: /favicon.ico
[Fri Mar 30 15:48:22 2018] ::1:50136 [500]: /
[Fri Mar 30 15:48:22 2018] ::1:50148 [200]: /favicon.ico
[Fri Mar 30 15:48:34 2018] ::1:50149 Invalid request (Unexpected EOF)
[Fri Mar 30 15:49:25 2018] ::1:50230 [200]: /
[Fri Mar 30 15:49:26 2018] ::1:50231 [200]: /favicon.ico
[Fri Mar 30 15:49:36 2018] ::1:50232 Invalid request (Unexpected EOF)
[Fri Mar 30 15:54:17 2018] ::1:50428 [500]: /
[Fri Mar 30 15:54:18 2018] ::1:50429 [200]: /favicon.ico
[Fri Mar 30 15:54:19 2018] ::1:50430 [500]: /
[Fri Mar 30 15:54:19 2018] ::1:50432 [200]: /favicon.ico
[Fri Mar 30 15:54:29 2018] ::1:50433 Invalid request (Unexpected EOF)
[Fri Mar 30 15:57:34 2018] ::1:50720 [200]: /
[Fri Mar 30 15:57:34 2018] ::1:50721 [200]: /favicon.ico
[Fri Mar 30 15:57:37 2018] ::1:50722 [200]: /
[Fri Mar 30 15:57:38 2018] ::1:50724 [200]: /favicon.ico
[Fri Mar 30 15:57:48 2018] ::1:50725 Invalid request (Unexpected EOF)
[Fri Mar 30 16:01:22 2018] ::1:50878 [200]: /
[Fri Mar 30 16:01:22 2018] ::1:50879 [200]: /favicon.ico
[Fri Mar 30 16:01:22 2018] ::1:50880 [200]: /
[Fri Mar 30 16:01:23 2018] ::1:50881 [200]: /favicon.ico
[Fri Mar 30 16:01:33 2018] ::1:50882 Invalid request (Unexpected EOF)
[Fri Mar 30 16:01:33 2018] ::1:50883 [500]: /
[Fri Mar 30 16:01:33 2018] ::1:50884 [200]: /favicon.ico
[Fri Mar 30 16:01:34 2018] ::1:50885 [500]: /
[Fri Mar 30 16:01:34 2018] ::1:50886 [200]: /favicon.ico
[Fri Mar 30 16:01:34 2018] ::1:50887 [500]: /
[Fri Mar 30 16:01:34 2018] ::1:50888 [200]: /favicon.ico
[Fri Mar 30 16:01:46 2018] ::1:50889 Invalid request (Unexpected EOF)
[Fri Mar 30 16:01:46 2018] ::1:50891 [500]: /
[Fri Mar 30 16:01:46 2018] ::1:50892 [200]: /favicon.ico
[Fri Mar 30 16:01:58 2018] ::1:50893 Invalid request (Unexpected EOF)
[Fri Mar 30 16:02:42 2018] ::1:50951 [500]: /
[Fri Mar 30 16:02:42 2018] ::1:50952 [200]: /favicon.ico
[Fri Mar 30 16:02:54 2018] ::1:50953 Invalid request (Unexpected EOF)
[Fri Mar 30 23:13:02 2018] ::1:54556 [200]: / - require(): Failed opening required '/Applications/XAMPP/xamppfiles/htdocs/traveler/public/../thinkphp/base.php' (include_path='.:') in /Applications/XAMPP/xamppfiles/htdocs/traveler/public/index.php on line 16
[Fri Mar 30 23:13:02 2018] ::1:54557 [200]: /favicon.ico
[Fri Mar 30 23:13:20 2018] ::1:54558 [200]: / - require(): Failed opening required '/Applications/XAMPP/xamppfiles/htdocs/traveler/public/../thinkphp/base.php' (include_path='.:') in /Applications/XAMPP/xamppfiles/htdocs/traveler/public/index.php on line 16
[Fri Mar 30 23:13:20 2018] ::1:54559 [200]: /favicon.ico
[Fri Mar 30 23:13:21 2018] ::1:54560 [200]: / - require(): Failed opening required '/Applications/XAMPP/xamppfiles/htdocs/traveler/public/../thinkphp/base.php' (include_path='.:') in /Applications/XAMPP/xamppfiles/htdocs/traveler/public/index.php on line 16
[Fri Mar 30 23:13:21 2018] ::1:54561 [200]: /favicon.ico
[Fri Mar 30 23:13:29 2018] ::1:54562 [200]: / - require(): Failed opening required '/Applications/XAMPP/xamppfiles/htdocs/traveler/public/../thinkphp/base.php' (include_path='.:') in /Applications/XAMPP/xamppfiles/htdocs/traveler/public/index.php on line 16
[Fri Mar 30 23:13:45 2018] ::1:54565 Invalid request (Unexpected EOF)
[Fri Mar 30 23:13:45 2018] ::1:54566 Invalid request (Unexpected EOF)
[Fri Mar 30 23:13:45 2018] ::1:54569 [200]: / - require(): Failed opening required '/Applications/XAMPP/xamppfiles/htdocs/traveler/public/../thinkphp/base.php' (include_path='.:') in /Applications/XAMPP/xamppfiles/htdocs/traveler/public/index.php on line 16
[Fri Mar 30 23:13:45 2018] ::1:54570 [200]: /favicon.ico
[Fri Mar 30 23:13:46 2018] ::1:54571 [200]: / - require(): Failed opening required '/Applications/XAMPP/xamppfiles/htdocs/traveler/public/../thinkphp/base.php' (include_path='.:') in /Applications/XAMPP/xamppfiles/htdocs/traveler/public/index.php on line 16
[Fri Mar 30 23:13:46 2018] ::1:54572 [200]: /favicon.ico
[Fri Mar 30 23:13:48 2018] ::1:54573 [200]: / - require(): Failed opening required '/Applications/XAMPP/xamppfiles/htdocs/traveler/public/../thinkphp/base.php' (include_path='.:') in /Applications/XAMPP/xamppfiles/htdocs/traveler/public/index.php on line 16
[Fri Mar 30 23:14:00 2018] ::1:54574 Invalid request (Unexpected EOF)
[Fri Mar 30 23:14:00 2018] ::1:54575 Invalid request (Unexpected EOF)
[Fri Mar 30 23:14:08 2018] ::1:54578 [200]: / - require(): Failed opening required '/Applications/XAMPP/xamppfiles/htdocs/traveler/public/../thinkphp/base.php' (include_path='.:') in /Applications/XAMPP/xamppfiles/htdocs/traveler/public/index.php on line 16
[Fri Mar 30 23:14:08 2018] ::1:54579 [200]: /favicon.ico
[Fri Mar 30 23:14:09 2018] ::1:54580 [200]: / - require(): Failed opening required '/Applications/XAMPP/xamppfiles/htdocs/traveler/public/../thinkphp/base.php' (include_path='.:') in /Applications/XAMPP/xamppfiles/htdocs/traveler/public/index.php on line 16
[Fri Mar 30 23:14:09 2018] ::1:54581 [200]: /favicon.ico
[Fri Mar 30 23:14:58 2018] ::1:54590 [200]: / - require(): Failed opening required '/Applications/XAMPP/xamppfiles/htdocs/traveler/public/../thinkphp/base.php' (include_path='.:') in /Applications/XAMPP/xamppfiles/htdocs/traveler/public/index.php on line 16
[Fri Mar 30 23:14:59 2018] ::1:54591 [200]: /favicon.ico
[Fri Mar 30 23:17:57 2018] ::1:54641 [200]: /
[Fri Mar 30 23:18:08 2018] ::1:54642 Invalid request (Unexpected EOF)
[Fri Mar 30 23:18:08 2018] ::1:54647 [200]: /
[Fri Mar 30 23:18:08 2018] ::1:54648 [200]: /favicon.ico
[Fri Mar 30 23:18:42 2018] ::1:54651 [200]: /
[Fri Mar 30 23:18:42 2018] ::1:54652 [200]: /favicon.ico
[Fri Mar 30 23:18:43 2018] ::1:54653 [200]: /
[Fri Mar 30 23:18:43 2018] ::1:54654 [200]: /favicon.ico
[Fri Mar 30 23:19:54 2018] ::1:54676 [200]: /
[Fri Mar 30 23:19:54 2018] ::1:54677 [200]: /favicon.ico
[Fri Mar 30 23:20:29 2018] ::1:54732 [200]: /
[Fri Mar 30 23:20:29 2018] ::1:54733 [200]: /favicon.ico
[Fri Mar 30 23:20:30 2018] ::1:54735 [200]: /
[Fri Mar 30 23:20:30 2018] ::1:54736 [200]: /favicon.ico
[Fri Mar 30 23:20:42 2018] ::1:54740 [200]: /
[Fri Mar 30 23:20:46 2018] ::1:54741 [200]: /favicon.ico
[Fri Mar 30 23:20:50 2018] ::1:54757 [200]: /
[Fri Mar 30 23:20:51 2018] ::1:54758 [200]: /
[Fri Mar 30 23:20:51 2018] ::1:54767 [200]: /
[Fri Mar 30 23:20:52 2018] ::1:54768 [200]: /
[Fri Mar 30 23:20:52 2018] ::1:54769 [200]: /
[Fri Mar 30 23:20:52 2018] ::1:54770 [200]: /
[Fri Mar 30 23:20:52 2018] ::1:54775 [200]: /
[Fri Mar 30 23:20:52 2018] ::1:54776 [200]: /
[Fri Mar 30 23:20:53 2018] ::1:54781 [200]: /
[Fri Mar 30 23:20:54 2018] ::1:54785 [200]: /
[Fri Mar 30 23:20:55 2018] ::1:54791 [200]: /
[Fri Mar 30 23:20:55 2018] ::1:54793 [200]: /
[Fri Mar 30 23:20:56 2018] ::1:54798 [200]: /
[Fri Mar 30 23:20:56 2018] ::1:54804 [200]: /
[Fri Mar 30 23:20:57 2018] ::1:54805 [200]: /
[Fri Mar 30 23:20:58 2018] ::1:54810 [200]: /
[Fri Mar 30 23:20:58 2018] ::1:54815 [200]: /
[Fri Mar 30 23:20:59 2018] ::1:54817 [200]: /
[Fri Mar 30 23:20:59 2018] ::1:54822 [200]: /
[Fri Mar 30 23:21:00 2018] ::1:54823 [200]: /
[Fri Mar 30 23:21:00 2018] ::1:54828 [200]: /
[Fri Mar 30 23:21:01 2018] ::1:54833 [200]: /
[Fri Mar 30 23:21:02 2018] ::1:54834 [200]: /
[Fri Mar 30 23:21:03 2018] ::1:54839 [200]: /
[Fri Mar 30 23:21:04 2018] ::1:54844 [200]: /
[Fri Mar 30 23:21:05 2018] ::1:54849 [200]: /
[Fri Mar 30 23:21:06 2018] ::1:54854 [200]: /
[Fri Mar 30 23:21:17 2018] ::1:54905 [200]: /
[Fri Mar 30 23:21:27 2018] ::1:54952 [200]: /
[Fri Mar 30 23:21:28 2018] ::1:54954 [200]: /
[Fri Mar 30 23:22:05 2018] ::1:55111 [200]: /
[Fri Mar 30 23:22:08 2018] ::1:55128 [200]: /
[Fri Mar 30 23:22:35 2018] ::1:55244 [200]: /
[Fri Mar 30 23:22:36 2018] ::1:55250 [200]: /
[Fri Mar 30 23:22:37 2018] ::1:55255 [200]: /
[Fri Mar 30 23:22:37 2018] ::1:55256 [200]: /
[Fri Mar 30 23:22:38 2018] ::1:55261 [200]: /
[Fri Mar 30 23:23:04 2018] ::1:55373 [200]: /
[Fri Mar 30 23:23:05 2018] ::1:55378 [200]: /
[Fri Mar 30 23:23:06 2018] ::1:55379 [200]: /
[Fri Mar 30 23:23:06 2018] ::1:55384 [200]: /
[Fri Mar 30 23:23:08 2018] ::1:55393 [200]: /
[Fri Mar 30 23:23:09 2018] ::1:55398 [200]: /
[Fri Mar 30 23:23:10 2018] ::1:55403 [200]: /
[Fri Mar 30 23:23:11 2018] ::1:55404 [200]: /
[Fri Mar 30 23:23:31 2018] ::1:55488 [200]: /
[Fri Mar 30 23:23:32 2018] ::1:55497 [200]: /
[Fri Mar 30 23:24:22 2018] ::1:55701 [200]: /
[Fri Mar 30 23:24:23 2018] ::1:55706 [200]: /
[Fri Mar 30 23:24:27 2018] ::1:55727 [200]: /
[Fri Mar 30 23:24:28 2018] ::1:55728 [200]: /
[Fri Mar 30 23:24:29 2018] ::1:55733 [200]: /
[Fri Mar 30 23:24:29 2018] ::1:55734 [200]: /
[Fri Mar 30 23:24:29 2018] ::1:55739 [200]: /
[Fri Mar 30 23:24:30 2018] ::1:55740 [200]: /
[Fri Mar 30 23:24:30 2018] ::1:55741 [200]: /
[Fri Mar 30 23:24:30 2018] ::1:55742 [200]: /
[Fri Mar 30 23:24:31 2018] ::1:55747 [200]: /
[Fri Mar 30 23:24:32 2018] ::1:55752 [200]: /
[Fri Mar 30 23:24:32 2018] ::1:55757 [200]: /
[Fri Mar 30 23:24:45 2018] ::1:55812 [200]: /
[Fri Mar 30 23:25:23 2018] ::1:55971 [200]: /
[Fri Mar 30 23:25:25 2018] ::1:55984 [200]: /
[Fri Mar 30 23:25:35 2018] ::1:56023 [200]: /
[Fri Mar 30 23:26:29 2018] ::1:56249 [200]: /
[Fri Mar 30 23:26:31 2018] ::1:56254 [200]: /
[Fri Mar 30 23:26:44 2018] ::1:56312 [200]: /
[Fri Mar 30 23:26:45 2018] ::1:56313 [200]: /
[Fri Mar 30 23:26:45 2018] ::1:56318 [200]: /
[Fri Mar 30 23:26:46 2018] ::1:56319 [200]: /
[Fri Mar 30 23:27:03 2018] ::1:56392 [200]: /
[Fri Mar 30 23:27:04 2018] ::1:56401 [200]: /
[Fri Mar 30 23:27:05 2018] ::1:56402 [200]: /
[Fri Mar 30 23:28:09 2018] ::1:56671 [200]: /
[Fri Mar 30 23:28:28 2018] ::1:56752 [200]: /
[Fri Mar 30 23:28:28 2018] ::1:56757 [200]: /
[Fri Mar 30 23:28:49 2018] ::1:56840 [200]: /
[Fri Mar 30 23:28:55 2018] ::1:56865 [200]: /
[Fri Mar 30 23:29:04 2018] ::1:56903 [200]: /
[Fri Mar 30 23:29:07 2018] ::1:56916 [200]: /
[Sat Mar 31 11:12:47 2018] ::1:62711 [200]: /
[Sat Mar 31 11:12:53 2018] ::1:62736 [200]: /
[Sat Mar 31 11:12:53 2018] ::1:62741 [200]: /favicon.ico
[Sat Mar 31 11:12:54 2018] ::1:62742 [200]: /
[Sat Mar 31 11:12:54 2018] ::1:62743 [200]: /favicon.ico
[Sat Mar 31 11:12:54 2018] ::1:62744 [200]: /
[Sat Mar 31 11:12:54 2018] ::1:62745 [200]: /favicon.ico
[Sat Mar 31 11:12:55 2018] ::1:62750 [200]: /
[Sat Mar 31 11:12:55 2018] ::1:62751 [200]: /favicon.ico
[Sat Mar 31 11:12:55 2018] ::1:62752 [200]: /
[Sat Mar 31 11:12:55 2018] ::1:62757 [200]: /favicon.ico
[Sat Mar 31 11:12:55 2018] ::1:62758 [200]: /
[Sat Mar 31 11:12:55 2018] ::1:62759 [200]: /favicon.ico
[Sat Mar 31 11:12:56 2018] ::1:62760 [200]: /
[Sat Mar 31 11:12:56 2018] ::1:62761 [200]: /favicon.ico
[Sat Mar 31 11:13:06 2018] ::1:62762 Invalid request (Unexpected EOF)
[Sat Mar 31 11:14:11 2018] ::1:63075 [200]: /
[Sat Mar 31 11:14:12 2018] ::1:63076 [200]: /favicon.ico
[Sat Mar 31 11:14:23 2018] ::1:63077 Invalid request (Unexpected EOF)
[Sat Mar 31 11:14:35 2018] ::1:63189 [200]: /
[Sat Mar 31 11:14:37 2018] ::1:63221 [200]: /favicon.ico
[Sat Mar 31 11:14:38 2018] ::1:63231 [200]: /
[Sat Mar 31 11:14:40 2018] ::1:63251 [200]: /
[Sat Mar 31 11:14:41 2018] ::1:63260 [200]: /
[Sat Mar 31 11:14:41 2018] ::1:63268 [200]: /
[Sat Mar 31 11:14:41 2018] ::1:63270 [200]: /
[Sat Mar 31 11:15:46 2018] ::1:63854 [200]: /
[Sat Mar 31 11:15:47 2018] ::1:63855 [200]: /favicon.ico
[Sat Mar 31 11:15:47 2018] ::1:63856 [200]: /
[Sat Mar 31 11:15:47 2018] ::1:63870 [200]: /favicon.ico
[Sat Mar 31 11:15:48 2018] ::1:63871 [200]: /
[Sat Mar 31 11:15:48 2018] ::1:63872 [200]: /favicon.ico
[Sat Mar 31 11:15:48 2018] ::1:63873 [200]: /
[Sat Mar 31 11:15:48 2018] ::1:63878 [200]: /favicon.ico
[Sat Mar 31 11:15:48 2018] ::1:63879 [200]: /
[Sat Mar 31 11:15:48 2018] ::1:63880 [200]: /favicon.ico
[Sat Mar 31 11:15:48 2018] ::1:63881 [200]: /
[Sat Mar 31 11:15:49 2018] ::1:63886 [200]: /favicon.ico
[Sat Mar 31 11:16:00 2018] ::1:63887 Invalid request (Unexpected EOF)
[Sat Mar 31 11:16:00 2018] ::1:63960 [200]: /
[Sat Mar 31 11:16:00 2018] ::1:63961 [200]: /favicon.ico
[Sat Mar 31 11:16:01 2018] ::1:63962 [200]: /
[Sat Mar 31 11:16:01 2018] ::1:63967 [200]: /favicon.ico
[Sat Mar 31 11:16:19 2018] ::1:63968 Invalid request (Unexpected EOF)
[Sat Mar 31 11:16:34 2018] ::1:64093 Invalid request (Unexpected EOF)
[Sat Mar 31 11:16:34 2018] ::1:64094 Invalid request (Unexpected EOF)
[Sat Mar 31 11:16:34 2018] ::1:64095 Invalid request (Unexpected EOF)
